<?xml version="1.0" encoding="UTF-8"?>
<testsuites name="SuiteGhibli" time="44" tests="2" failures="1" errors="0">
   <testsuite name="SuiteGhibli" tests="2" failures="1" errors="0" time="44" timestamp="2018-02-14 17:24:28" hostname="luca.bottoni - LAP-PC-122.primeurad.com" id="Test Suites/SuiteGhibli">
      <properties>
         <property name="deviceName" value=""/>
         <property name="devicePlatform" value=""/>
         <property name="logFolder" value="C:\\Users\\luca.bottoni\\Katalon Studio\\Ghibli\\Reports\\SuiteGhibli\\20180214_172412"/>
         <property name="logFiles" value="C:\\Users\\luca.bottoni\\Katalon Studio\\Ghibli\\Reports\\SuiteGhibli\\20180214_172412\\execution0.log"/>
         <property name="attachments" value="C:\\Users\\luca.bottoni\\Katalon Studio\\Ghibli\\Reports\\SuiteGhibli\\20180214_172412\\1518625508184.png"/>
         <property name="hostName" value="luca.bottoni - LAP-PC-122.primeurad.com"/>
         <property name="os" value="Windows 10 64bit"/>
         <property name="katalonVersion" value="5.3.0.1"/>
         <property name="browser" value="Firefox 57.0"/>
         <property name="hostAddress" value="169.254.92.146"/>
         <property name="sessionId" value="1ba02ee9-6771-448a-a44a-d05df0140c0f"/>
         <property name="seleniumVersion" value="3.7.1"/>
         <property name="proxyInformation" value="ProxyInformation{proxyOption=NO_PROXY, proxyServerType=HTTP, password=, proxyServerAddress=, proxyServerPort=0}"/>
         <property name="platform" value="Windows 10"/>
      </properties>
      <testcase name="Test Cases/Login" classname="Test Cases/Login" status="PASSED">
         <system-out><![CDATA[2018-02-14 17:24:29 - [TEST_CASE][PASSED] - Test Cases/Login: Test Cases/Login

2018-02-14 17:24:31 - [TEST_STEP][PASSED] - openBrowser: Browser is opened with url: 'http://ghibli-distro.localhost/'

2018-02-14 17:24:55 - [MESSAGE][PASSED] - Browser is opened with url: 'http://ghibli-distro.localhost/'

2018-02-14 17:24:55 - [TEST_STEP][PASSED] - Statement - input_login = com.kms.katalon.core.testobject.ObjectRepository.findTestObject(Object Repository/GhibliLoginPage/input_username): Finding Test Object with id 'Object Repository/GhibliLoginPage/input_username'

2018-02-14 17:24:55 - [TEST_STEP][PASSED] - Statement - input_pwd = com.kms.katalon.core.testobject.ObjectRepository.findTestObject(Object Repository/GhibliLoginPage/input_password): Finding Test Object with id 'Object Repository/GhibliLoginPage/input_password'

2018-02-14 17:24:55 - [TEST_STEP][PASSED] - verifyElementPresent: Object 'Object Repository/GhibliLoginPage/input_username' is present

2018-02-14 17:24:56 - [MESSAGE][PASSED] - Object 'Object Repository/GhibliLoginPage/input_username' is present

2018-02-14 17:24:56 - [TEST_STEP][PASSED] - verifyElementPresent: Object 'Object Repository/GhibliLoginPage/input_password' is present

2018-02-14 17:24:56 - [MESSAGE][PASSED] - Object 'Object Repository/GhibliLoginPage/input_password' is present

2018-02-14 17:24:56 - [TEST_STEP][PASSED] - setText: Text 'ghibliXXXX' is set on object 'Object Repository/GhibliLoginPage/input_username'

2018-02-14 17:24:56 - [MESSAGE][PASSED] - Text 'ghibliXXXX' is set on object 'Object Repository/GhibliLoginPage/input_username'

2018-02-14 17:24:56 - [TEST_STEP][PASSED] - setText: Text 'ghibliXXXX' is set on object 'Object Repository/GhibliLoginPage/input_password'

2018-02-14 17:24:56 - [MESSAGE][PASSED] - Text 'ghibliXXXX' is set on object 'Object Repository/GhibliLoginPage/input_password'

2018-02-14 17:24:56 - [TEST_STEP][PASSED] - delay: Delayed 2 second(s)

2018-02-14 17:24:58 - [MESSAGE][PASSED] - Delayed 2 second(s)

2018-02-14 17:24:58 - [TEST_STEP][PASSED] - Statement - text1 = com.kms.katalon.core.webui.keyword.WebUiBuiltInKeywords.verifyElementNotVisible(com.kms.katalon.core.testobject.ObjectRepository.findTestObject(Object Repository/GhibliLoginPage/div_Incorrect Username or Pass)): Object 'Object Repository/GhibliLoginPage/div_Incorrect Username or Pass' is NOT visible

2018-02-14 17:24:58 - [MESSAGE][PASSED] - Object 'Object Repository/GhibliLoginPage/div_Incorrect Username or Pass' is NOT visible

2018-02-14 17:24:58 - [TEST_STEP][PASSED] - Statement - assert text1 == true: null

2018-02-14 17:24:58 - [TEST_STEP][PASSED] - doubleClick: Object: 'Object Repository/GhibliLoginPage/LoginButton' is double clicked on

2018-02-14 17:24:59 - [MESSAGE][PASSED] - Object: 'Object Repository/GhibliLoginPage/LoginButton' is double clicked on

2018-02-14 17:24:59 - [TEST_STEP][PASSED] - delay: Delayed 2 second(s)

2018-02-14 17:25:01 - [MESSAGE][PASSED] - Delayed 2 second(s)

2018-02-14 17:25:01 - [TEST_STEP][PASSED] - waitForElementPresent: Object 'Object Repository/GhibliLoginPage/div_Incorrect Username or Pass' is present

2018-02-14 17:25:01 - [MESSAGE][PASSED] - Object 'Object Repository/GhibliLoginPage/div_Incorrect Username or Pass' is present

2018-02-14 17:25:01 - [TEST_STEP][PASSED] - Statement - text2 = com.kms.katalon.core.webui.keyword.WebUiBuiltInKeywords.verifyTextPresent("Incorrect Username or Password", false): Text 'Incorrect Username or Password' is present on page 

2018-02-14 17:25:01 - [MESSAGE][PASSED] - Text 'Incorrect Username or Password' is present on page 

2018-02-14 17:25:01 - [TEST_STEP][PASSED] - Statement - assert text2 == true: null

2018-02-14 17:25:01 - [TEST_STEP][PASSED] - focus: Object: 'Object Repository/GhibliLoginPage/input_username' is focused

2018-02-14 17:25:01 - [MESSAGE][PASSED] - Object: 'Object Repository/GhibliLoginPage/input_username' is focused

2018-02-14 17:25:01 - [TEST_STEP][PASSED] - setText: Text 'luca.bottoni' is set on object 'Object Repository/GhibliLoginPage/input_username'

2018-02-14 17:25:01 - [MESSAGE][PASSED] - Text 'luca.bottoni' is set on object 'Object Repository/GhibliLoginPage/input_username'

2018-02-14 17:25:01 - [TEST_STEP][PASSED] - focus: Object: 'Object Repository/GhibliLoginPage/input_password' is focused

2018-02-14 17:25:01 - [MESSAGE][PASSED] - Object: 'Object Repository/GhibliLoginPage/input_password' is focused

2018-02-14 17:25:01 - [TEST_STEP][PASSED] - setText: Text 'N.azionale' is set on object 'Object Repository/GhibliLoginPage/input_password'

2018-02-14 17:25:01 - [MESSAGE][PASSED] - Text 'N.azionale' is set on object 'Object Repository/GhibliLoginPage/input_password'

2018-02-14 17:25:01 - [TEST_STEP][PASSED] - sendKeys: Keys 'ENTER + ' sent to object: 'Object Repository/GhibliLoginPage/input_password'

2018-02-14 17:25:01 - [MESSAGE][PASSED] - Keys 'ENTER + ' sent to object: 'Object Repository/GhibliLoginPage/input_password'

2018-02-14 17:25:01 - [TEST_STEP][PASSED] - delay: Delayed 1 second(s)

2018-02-14 17:25:02 - [MESSAGE][PASSED] - Delayed 1 second(s)]]></system-out>
         <system-err><![CDATA[]]></system-err>
      </testcase>
      <testcase name="Test Cases/Dashboard" classname="Test Cases/Dashboard" status="PASSED">
         <system-out><![CDATA[2018-02-14 17:25:02 - [TEST_CASE][PASSED] - Test Cases/Dashboard: Test Cases/Dashboard

2018-02-14 17:25:03 - [TEST_STEP][PASSED] - Statement - maps = [com.kms.katalon.core.testobject.ObjectRepository.findTestObject(Object Repository/GhibliDashboard/input_transferStatus), com.kms.katalon.core.testobject.ObjectRepository.findTestObject(Object Repository/GhibliDashboard/input_sourceQueueManager), com.kms.katalon.core.testobject.ObjectRepository.findTestObject(Object Repository/GhibliDashboard/input_destinationQueueManager), com.kms.katalon.core.testobject.ObjectRepository.findTestObject(Object Repository/GhibliDashboard/input_correlationID), com.kms.katalon.core.testobject.ObjectRepository.findTestObject(Object Repository/GhibliDashboard/btn_workflowdashboard), com.kms.katalon.core.testobject.ObjectRepository.findTestObject(Object Repository/GhibliDashboard/btn_workflow), com.kms.katalon.core.testobject.ObjectRepository.findTestObject(Object Repository/GhibliDashboard/btn_transfersearch), com.kms.katalon.core.testobject.ObjectRepository.findTestObject(Object Repository/GhibliDashboard/btn_setting), com.kms.katalon.core.testobject.ObjectRepository.findTestObject(Object Repository/GhibliDashboard/btn_monitordashboard), com.kms.katalon.core.testobject.ObjectRepository.findTestObject(Object Repository/GhibliDashboard/btn_logout), com.kms.katalon.core.testobject.ObjectRepository.findTestObject(Object Repository/GhibliDashboard/btn_clearfilter), com.kms.katalon.core.testobject.ObjectRepository.findTestObject(Object Repository/GhibliDashboard/btn_applyfilter)]: Finding Test Object with id 'Object Repository/GhibliDashboard/btn_applyfilter'

2018-02-14 17:25:03 - [TEST_STEP][PASSED] - Statement - total = 0: null

2018-02-14 17:25:03 - [TEST_STEP][PASSED] - Statement - ok = 0: null

2018-02-14 17:25:03 - [TEST_STEP][PASSED] - Statement - ko = 0: null

2018-02-14 17:25:03 - [TEST_STEP][PASSED] - Statement - For (def element : maps): null

2018-02-14 17:25:03 - [TEST_STEP][PASSED] - Statement - tag = element.findPropertyValue("tag", false): null

2018-02-14 17:25:03 - [TEST_STEP][PASSED] - Statement - id = element.getObjectId(): null

2018-02-14 17:25:03 - [TEST_STEP][PASSED] - Statement - test = false: null

2018-02-14 17:25:03 - [TEST_STEP][PASSED] - Statement - assert tag != "": null

2018-02-14 17:25:03 - [TEST_STEP][PASSED] - Statement - test = com.kms.katalon.core.webui.keyword.WebUiBuiltInKeywords.waitForElementPresent(element, 1): Object 'Object Repository/GhibliDashboard/input_transferStatus' is present

2018-02-14 17:25:03 - [MESSAGE][PASSED] - Object 'Object Repository/GhibliDashboard/input_transferStatus' is present

2018-02-14 17:25:03 - [TEST_STEP][PASSED] - Statement - If (test == true): null

2018-02-14 17:25:03 - [TEST_STEP][PASSED] - Statement - (ok++): null

2018-02-14 17:25:03 - [TEST_STEP][PASSED] - Statement - assert test == true: null

2018-02-14 17:25:03 - [TEST_STEP][PASSED] - Statement - (total++): null

2018-02-14 17:25:03 - [TEST_STEP][PASSED] - Statement - tag = element.findPropertyValue("tag", false): null

2018-02-14 17:25:03 - [TEST_STEP][PASSED] - Statement - id = element.getObjectId(): null

2018-02-14 17:25:03 - [TEST_STEP][PASSED] - Statement - test = false: null

2018-02-14 17:25:03 - [TEST_STEP][PASSED] - Statement - assert tag != "": null

2018-02-14 17:25:03 - [TEST_STEP][PASSED] - Statement - test = com.kms.katalon.core.webui.keyword.WebUiBuiltInKeywords.waitForElementPresent(element, 1): Object 'Object Repository/GhibliDashboard/input_sourceQueueManager' is present

2018-02-14 17:25:03 - [MESSAGE][PASSED] - Object 'Object Repository/GhibliDashboard/input_sourceQueueManager' is present

2018-02-14 17:25:03 - [TEST_STEP][PASSED] - Statement - If (test == true): null

2018-02-14 17:25:03 - [TEST_STEP][PASSED] - Statement - (ok++): null

2018-02-14 17:25:03 - [TEST_STEP][PASSED] - Statement - assert test == true: null

2018-02-14 17:25:03 - [TEST_STEP][PASSED] - Statement - (total++): null

2018-02-14 17:25:03 - [TEST_STEP][PASSED] - Statement - tag = element.findPropertyValue("tag", false): null

2018-02-14 17:25:03 - [TEST_STEP][PASSED] - Statement - id = element.getObjectId(): null

2018-02-14 17:25:03 - [TEST_STEP][PASSED] - Statement - test = false: null

2018-02-14 17:25:03 - [TEST_STEP][PASSED] - Statement - assert tag != "": null

2018-02-14 17:25:03 - [TEST_STEP][PASSED] - Statement - test = com.kms.katalon.core.webui.keyword.WebUiBuiltInKeywords.waitForElementPresent(element, 1): Object 'Object Repository/GhibliDashboard/input_destinationQueueManager' is present

2018-02-14 17:25:03 - [MESSAGE][PASSED] - Object 'Object Repository/GhibliDashboard/input_destinationQueueManager' is present

2018-02-14 17:25:03 - [TEST_STEP][PASSED] - Statement - If (test == true): null

2018-02-14 17:25:03 - [TEST_STEP][PASSED] - Statement - (ok++): null

2018-02-14 17:25:03 - [TEST_STEP][PASSED] - Statement - assert test == true: null

2018-02-14 17:25:03 - [TEST_STEP][PASSED] - Statement - (total++): null

2018-02-14 17:25:03 - [TEST_STEP][PASSED] - Statement - tag = element.findPropertyValue("tag", false): null

2018-02-14 17:25:03 - [TEST_STEP][PASSED] - Statement - id = element.getObjectId(): null

2018-02-14 17:25:03 - [TEST_STEP][PASSED] - Statement - test = false: null

2018-02-14 17:25:03 - [TEST_STEP][PASSED] - Statement - assert tag != "": null

2018-02-14 17:25:03 - [TEST_STEP][PASSED] - Statement - test = com.kms.katalon.core.webui.keyword.WebUiBuiltInKeywords.waitForElementPresent(element, 1): Object 'Object Repository/GhibliDashboard/input_correlationID' is present

2018-02-14 17:25:03 - [MESSAGE][PASSED] - Object 'Object Repository/GhibliDashboard/input_correlationID' is present

2018-02-14 17:25:03 - [TEST_STEP][PASSED] - Statement - If (test == true): null

2018-02-14 17:25:03 - [TEST_STEP][PASSED] - Statement - (ok++): null

2018-02-14 17:25:03 - [TEST_STEP][PASSED] - Statement - assert test == true: null

2018-02-14 17:25:03 - [TEST_STEP][PASSED] - Statement - (total++): null

2018-02-14 17:25:03 - [TEST_STEP][PASSED] - Statement - tag = element.findPropertyValue("tag", false): null

2018-02-14 17:25:03 - [TEST_STEP][PASSED] - Statement - id = element.getObjectId(): null

2018-02-14 17:25:03 - [TEST_STEP][PASSED] - Statement - test = false: null

2018-02-14 17:25:03 - [TEST_STEP][PASSED] - Statement - assert tag != "": null

2018-02-14 17:25:03 - [TEST_STEP][PASSED] - Statement - test = com.kms.katalon.core.webui.keyword.WebUiBuiltInKeywords.waitForElementPresent(element, 1): Object 'Object Repository/GhibliDashboard/btn_workflowdashboard' is present

2018-02-14 17:25:03 - [MESSAGE][PASSED] - Object 'Object Repository/GhibliDashboard/btn_workflowdashboard' is present

2018-02-14 17:25:03 - [TEST_STEP][PASSED] - Statement - If (test == true): null

2018-02-14 17:25:03 - [TEST_STEP][PASSED] - Statement - (ok++): null

2018-02-14 17:25:03 - [TEST_STEP][PASSED] - Statement - assert test == true: null

2018-02-14 17:25:03 - [TEST_STEP][PASSED] - Statement - (total++): null

2018-02-14 17:25:03 - [TEST_STEP][PASSED] - Statement - tag = element.findPropertyValue("tag", false): null

2018-02-14 17:25:03 - [TEST_STEP][PASSED] - Statement - id = element.getObjectId(): null

2018-02-14 17:25:03 - [TEST_STEP][PASSED] - Statement - test = false: null

2018-02-14 17:25:03 - [TEST_STEP][PASSED] - Statement - assert tag != "": null

2018-02-14 17:25:03 - [TEST_STEP][PASSED] - Statement - test = com.kms.katalon.core.webui.keyword.WebUiBuiltInKeywords.waitForElementPresent(element, 1): Object 'Object Repository/GhibliDashboard/btn_workflow' is present

2018-02-14 17:25:03 - [MESSAGE][PASSED] - Object 'Object Repository/GhibliDashboard/btn_workflow' is present

2018-02-14 17:25:03 - [TEST_STEP][PASSED] - Statement - If (test == true): null

2018-02-14 17:25:03 - [TEST_STEP][PASSED] - Statement - (ok++): null

2018-02-14 17:25:03 - [TEST_STEP][PASSED] - Statement - assert test == true: null

2018-02-14 17:25:03 - [TEST_STEP][PASSED] - Statement - (total++): null

2018-02-14 17:25:03 - [TEST_STEP][PASSED] - Statement - tag = element.findPropertyValue("tag", false): null

2018-02-14 17:25:03 - [TEST_STEP][PASSED] - Statement - id = element.getObjectId(): null

2018-02-14 17:25:03 - [TEST_STEP][PASSED] - Statement - test = false: null

2018-02-14 17:25:03 - [TEST_STEP][PASSED] - Statement - assert tag != "": null

2018-02-14 17:25:03 - [TEST_STEP][PASSED] - Statement - test = com.kms.katalon.core.webui.keyword.WebUiBuiltInKeywords.waitForElementPresent(element, 1): Object 'Object Repository/GhibliDashboard/btn_transfersearch' is present

2018-02-14 17:25:03 - [MESSAGE][PASSED] - Object 'Object Repository/GhibliDashboard/btn_transfersearch' is present

2018-02-14 17:25:03 - [TEST_STEP][PASSED] - Statement - If (test == true): null

2018-02-14 17:25:03 - [TEST_STEP][PASSED] - Statement - (ok++): null

2018-02-14 17:25:03 - [TEST_STEP][PASSED] - Statement - assert test == true: null

2018-02-14 17:25:03 - [TEST_STEP][PASSED] - Statement - (total++): null

2018-02-14 17:25:03 - [TEST_STEP][PASSED] - Statement - tag = element.findPropertyValue("tag", false): null

2018-02-14 17:25:03 - [TEST_STEP][PASSED] - Statement - id = element.getObjectId(): null

2018-02-14 17:25:03 - [TEST_STEP][PASSED] - Statement - test = false: null

2018-02-14 17:25:03 - [TEST_STEP][PASSED] - Statement - assert tag != "": null

2018-02-14 17:25:03 - [TEST_STEP][PASSED] - Statement - test = com.kms.katalon.core.webui.keyword.WebUiBuiltInKeywords.waitForElementPresent(element, 1): Object 'Object Repository/GhibliDashboard/btn_setting' is present

2018-02-14 17:25:03 - [MESSAGE][PASSED] - Object 'Object Repository/GhibliDashboard/btn_setting' is present

2018-02-14 17:25:03 - [TEST_STEP][PASSED] - Statement - If (test == true): null

2018-02-14 17:25:03 - [TEST_STEP][PASSED] - Statement - (ok++): null

2018-02-14 17:25:03 - [TEST_STEP][PASSED] - Statement - assert test == true: null

2018-02-14 17:25:03 - [TEST_STEP][PASSED] - Statement - (total++): null

2018-02-14 17:25:03 - [TEST_STEP][PASSED] - Statement - tag = element.findPropertyValue("tag", false): null

2018-02-14 17:25:03 - [TEST_STEP][PASSED] - Statement - id = element.getObjectId(): null

2018-02-14 17:25:03 - [TEST_STEP][PASSED] - Statement - test = false: null

2018-02-14 17:25:03 - [TEST_STEP][PASSED] - Statement - assert tag != "": null

2018-02-14 17:25:03 - [TEST_STEP][PASSED] - Statement - test = com.kms.katalon.core.webui.keyword.WebUiBuiltInKeywords.waitForElementPresent(element, 1): Object 'Object Repository/GhibliDashboard/btn_monitordashboard' is present

2018-02-14 17:25:03 - [MESSAGE][PASSED] - Object 'Object Repository/GhibliDashboard/btn_monitordashboard' is present

2018-02-14 17:25:03 - [TEST_STEP][PASSED] - Statement - If (test == true): null

2018-02-14 17:25:03 - [TEST_STEP][PASSED] - Statement - (ok++): null

2018-02-14 17:25:03 - [TEST_STEP][PASSED] - Statement - assert test == true: null

2018-02-14 17:25:03 - [TEST_STEP][PASSED] - Statement - (total++): null

2018-02-14 17:25:03 - [TEST_STEP][PASSED] - Statement - tag = element.findPropertyValue("tag", false): null

2018-02-14 17:25:03 - [TEST_STEP][PASSED] - Statement - id = element.getObjectId(): null

2018-02-14 17:25:03 - [TEST_STEP][PASSED] - Statement - test = false: null

2018-02-14 17:25:03 - [TEST_STEP][PASSED] - Statement - assert tag != "": null

2018-02-14 17:25:03 - [TEST_STEP][PASSED] - Statement - test = com.kms.katalon.core.webui.keyword.WebUiBuiltInKeywords.waitForElementPresent(element, 1): Object 'Object Repository/GhibliDashboard/btn_logout' is present

2018-02-14 17:25:04 - [MESSAGE][PASSED] - Object 'Object Repository/GhibliDashboard/btn_logout' is present

2018-02-14 17:25:04 - [TEST_STEP][PASSED] - Statement - If (test == true): null

2018-02-14 17:25:04 - [TEST_STEP][PASSED] - Statement - (ok++): null

2018-02-14 17:25:04 - [TEST_STEP][PASSED] - Statement - assert test == true: null

2018-02-14 17:25:04 - [TEST_STEP][PASSED] - Statement - (total++): null

2018-02-14 17:25:04 - [TEST_STEP][PASSED] - Statement - tag = element.findPropertyValue("tag", false): null

2018-02-14 17:25:04 - [TEST_STEP][PASSED] - Statement - id = element.getObjectId(): null

2018-02-14 17:25:04 - [TEST_STEP][PASSED] - Statement - test = false: null

2018-02-14 17:25:04 - [TEST_STEP][PASSED] - Statement - assert tag != "": null

2018-02-14 17:25:04 - [TEST_STEP][PASSED] - Statement - test = com.kms.katalon.core.webui.keyword.WebUiBuiltInKeywords.waitForElementPresent(element, 1): Object 'Object Repository/GhibliDashboard/btn_clearfilter' is present

2018-02-14 17:25:06 - [MESSAGE][PASSED] - Object 'Object Repository/GhibliDashboard/btn_clearfilter' is present

2018-02-14 17:25:06 - [TEST_STEP][PASSED] - Statement - If (test == true): null

2018-02-14 17:25:06 - [TEST_STEP][PASSED] - Statement - (ok++): null

2018-02-14 17:25:06 - [TEST_STEP][PASSED] - Statement - assert test == true: null

2018-02-14 17:25:06 - [TEST_STEP][PASSED] - Statement - (total++): null

2018-02-14 17:25:06 - [TEST_STEP][PASSED] - Statement - tag = element.findPropertyValue("tag", false): null

2018-02-14 17:25:06 - [TEST_STEP][PASSED] - Statement - id = element.getObjectId(): null

2018-02-14 17:25:06 - [TEST_STEP][PASSED] - Statement - test = false: null

2018-02-14 17:25:06 - [TEST_STEP][PASSED] - Statement - assert tag != "": null

2018-02-14 17:25:06 - [TEST_STEP][PASSED] - Statement - test = com.kms.katalon.core.webui.keyword.WebUiBuiltInKeywords.waitForElementPresent(element, 1): Object 'Object Repository/GhibliDashboard/btn_applyfilter' is present

2018-02-14 17:25:06 - [MESSAGE][PASSED] - Object 'Object Repository/GhibliDashboard/btn_applyfilter' is present

2018-02-14 17:25:06 - [TEST_STEP][PASSED] - Statement - If (test == true): null

2018-02-14 17:25:06 - [TEST_STEP][PASSED] - Statement - (ok++): null

2018-02-14 17:25:06 - [TEST_STEP][PASSED] - Statement - assert test == true: null

2018-02-14 17:25:06 - [TEST_STEP][PASSED] - Statement - (total++): null

2018-02-14 17:25:06 - [TEST_STEP][PASSED] - Statement - println("END TEST"): null

2018-02-14 17:25:06 - [TEST_STEP][PASSED] - Statement - println("> TOTALE:" + total): null

2018-02-14 17:25:06 - [TEST_STEP][PASSED] - Statement - println("> OK:" + ok): null

2018-02-14 17:25:06 - [TEST_STEP][PASSED] - Statement - println("> KO:" + ko): null]]></system-out>
         <system-err><![CDATA[]]></system-err>
      </testcase>
      <testcase name="Test Cases/DashboardTransportFilter" classname="Test Cases/DashboardTransportFilter" status="FAILED">
         <failure type="FAILED" message="Unable to click on object 'Object Repository/GhibliDashboard/transferStatusOptions/li_SUSPENDED' (Root cause: org.openqa.selenium.ElementNotInteractableException: 
Build info: version: '3.7.1', revision: '8a0099a', time: '2017-11-06T21:07:36.161Z'
System info: host: 'LAP-PC-122', ip: '169.254.92.146', os.name: 'Windows 10', os.arch: 'amd64', os.version: '10.0', java.version: '1.8.0_102'
Driver info: com.kms.katalon.core.webui.driver.firefox.CGeckoDriver
Capabilities {acceptInsecureCerts: true, browserName: firefox, browserVersion: 57.0, javascriptEnabled: true, moz:accessibilityChecks: false, moz:headless: false, moz:processID: 20868, moz:profile: C:\Users\luca.bottoni\AppDa..., moz:webdriverClick: false, pageLoadStrategy: normal, platform: XP, platformName: XP, platformVersion: 10.0, proxy: Proxy(direct), rotatable: false, timeouts: {implicit: 0, pageLoad: 300000, script: 30000}}
Session ID: 1ba02ee9-6771-448a-a44a-d05df0140c0f)"/>
         <system-out><![CDATA[2018-02-14 17:25:06 - [TEST_CASE][FAILED] - Test Cases/DashboardTransportFilter: Test Cases/DashboardTransportFilter FAILED because (of) Unable to click on object 'Object Repository/GhibliDashboard/transferStatusOptions/li_SUSPENDED' (Root cause: org.openqa.selenium.ElementNotInteractableException: 
Build info: version: '3.7.1', revision: '8a0099a', time: '2017-11-06T21:07:36.161Z'
System info: host: 'LAP-PC-122', ip: '169.254.92.146', os.name: 'Windows 10', os.arch: 'amd64', os.version: '10.0', java.version: '1.8.0_102'
Driver info: com.kms.katalon.core.webui.driver.firefox.CGeckoDriver
Capabilities {acceptInsecureCerts: true, browserName: firefox, browserVersion: 57.0, javascriptEnabled: true, moz:accessibilityChecks: false, moz:headless: false, moz:processID: 20868, moz:profile: C:\Users\luca.bottoni\AppDa..., moz:webdriverClick: false, pageLoadStrategy: normal, platform: XP, platformName: XP, platformVersion: 10.0, proxy: Proxy(direct), rotatable: false, timeouts: {implicit: 0, pageLoad: 300000, script: 30000}}
Session ID: 1ba02ee9-6771-448a-a44a-d05df0140c0f)

2018-02-14 17:25:06 - [TEST_STEP][PASSED] - Statement - select_status = com.kms.katalon.core.testobject.ObjectRepository.findTestObject(Object Repository/GhibliDashboard/transferStatusCLICK): Finding Test Object with id 'Object Repository/GhibliDashboard/transferStatusCLICK'

2018-02-14 17:25:06 - [TEST_STEP][PASSED] - Statement - optionMap = ["SUBMITTED":"li_SUBMITTED", "SUSPENDED":"li_SUSPENDED", "RESUMED":"li_RESUMED", "STARTED":"li_STARTED", "STARTED_RETRY":"li_STARTED_RETRY", ... ]: null

2018-02-14 17:25:06 - [TEST_STEP][FAILED] - Statement - optionMap.each({ java.lang.Object optionIndex, java.lang.Object optionsValue -> ... }): Unable to click on object 'Object Repository/GhibliDashboard/transferStatusOptions/li_SUSPENDED' (Root cause: org.openqa.selenium.ElementNotInteractableException: 
Build info: version: '3.7.1', revision: '8a0099a', time: '2017-11-06T21:07:36.161Z'
System info: host: 'LAP-PC-122', ip: '169.254.92.146', os.name: 'Windows 10', os.arch: 'amd64', os.version: '10.0', java.version: '1.8.0_102'
Driver info: com.kms.katalon.core.webui.driver.firefox.CGeckoDriver
Capabilities {acceptInsecureCerts: true, browserName: firefox, browserVersion: 57.0, javascriptEnabled: true, moz:accessibilityChecks: false, moz:headless: false, moz:processID: 20868, moz:profile: C:\Users\luca.bottoni\AppDa..., moz:webdriverClick: false, pageLoadStrategy: normal, platform: XP, platformName: XP, platformVersion: 10.0, proxy: Proxy(direct), rotatable: false, timeouts: {implicit: 0, pageLoad: 300000, script: 30000}}
Session ID: 1ba02ee9-6771-448a-a44a-d05df0140c0f)

2018-02-14 17:25:07 - [MESSAGE][PASSED] - Object: 'Object Repository/GhibliDashboard/transferStatusCLICK' is clicked on

2018-02-14 17:25:07 - [MESSAGE][PASSED] - Object 'Object Repository/GhibliDashboard/transferStatusOptions/li_SUBMITTED' is present

2018-02-14 17:25:07 - [MESSAGE][PASSED] - Object: 'Object Repository/GhibliDashboard/transferStatusOptions/li_SUBMITTED' is clicked on

2018-02-14 17:25:08 - [MESSAGE][PASSED] - Object: 'Object Repository/GhibliDashboard/transferStatusCLICK' is clicked on

2018-02-14 17:25:08 - [MESSAGE][PASSED] - Object 'Object Repository/GhibliDashboard/transferStatusOptions/li_SUSPENDED' is present

2018-02-14 17:25:08 - [MESSAGE][FAILED] - Unable to click on object 'Object Repository/GhibliDashboard/transferStatusOptions/li_SUSPENDED' (Root cause: org.openqa.selenium.ElementNotInteractableException: 
Build info: version: '3.7.1', revision: '8a0099a', time: '2017-11-06T21:07:36.161Z'
System info: host: 'LAP-PC-122', ip: '169.254.92.146', os.name: 'Windows 10', os.arch: 'amd64', os.version: '10.0', java.version: '1.8.0_102'
Driver info: com.kms.katalon.core.webui.driver.firefox.CGeckoDriver
Capabilities {acceptInsecureCerts: true, browserName: firefox, browserVersion: 57.0, javascriptEnabled: true, moz:accessibilityChecks: false, moz:headless: false, moz:processID: 20868, moz:profile: C:\Users\luca.bottoni\AppDa..., moz:webdriverClick: false, pageLoadStrategy: normal, platform: XP, platformName: XP, platformVersion: 10.0, proxy: Proxy(direct), rotatable: false, timeouts: {implicit: 0, pageLoad: 300000, script: 30000}}
Session ID: 1ba02ee9-6771-448a-a44a-d05df0140c0f)
[[ATTACHMENT|C:\\Users\\luca.bottoni\\Katalon Studio\\Ghibli\\Reports\\SuiteGhibli\\20180214_172412\\1518625508184.png]]]]></system-out>
         <system-err><![CDATA[2018-02-14 17:25:06 - [TEST_CASE][FAILED] - Test Cases/DashboardTransportFilter: Test Cases/DashboardTransportFilter FAILED because (of) Unable to click on object 'Object Repository/GhibliDashboard/transferStatusOptions/li_SUSPENDED' (Root cause: org.openqa.selenium.ElementNotInteractableException: 
Build info: version: '3.7.1', revision: '8a0099a', time: '2017-11-06T21:07:36.161Z'
System info: host: 'LAP-PC-122', ip: '169.254.92.146', os.name: 'Windows 10', os.arch: 'amd64', os.version: '10.0', java.version: '1.8.0_102'
Driver info: com.kms.katalon.core.webui.driver.firefox.CGeckoDriver
Capabilities {acceptInsecureCerts: true, browserName: firefox, browserVersion: 57.0, javascriptEnabled: true, moz:accessibilityChecks: false, moz:headless: false, moz:processID: 20868, moz:profile: C:\Users\luca.bottoni\AppDa..., moz:webdriverClick: false, pageLoadStrategy: normal, platform: XP, platformName: XP, platformVersion: 10.0, proxy: Proxy(direct), rotatable: false, timeouts: {implicit: 0, pageLoad: 300000, script: 30000}}
Session ID: 1ba02ee9-6771-448a-a44a-d05df0140c0f)]]></system-err>
      </testcase>
      <system-out><![CDATA[2018-02-14 17:24:28 - [TEST_SUITE][FAILED] - SuiteGhibli: Test Cases/DashboardTransportFilter FAILED because (of) Unable to click on object 'Object Repository/GhibliDashboard/transferStatusOptions/li_SUSPENDED' (Root cause: org.openqa.selenium.ElementNotInteractableException: 
Build info: version: '3.7.1', revision: '8a0099a', time: '2017-11-06T21:07:36.161Z'
System info: host: 'LAP-PC-122', ip: '169.254.92.146', os.name: 'Windows 10', os.arch: 'amd64', os.version: '10.0', java.version: '1.8.0_102'
Driver info: com.kms.katalon.core.webui.driver.firefox.CGeckoDriver
Capabilities {acceptInsecureCerts: true, browserName: firefox, browserVersion: 57.0, javascriptEnabled: true, moz:accessibilityChecks: false, moz:headless: false, moz:processID: 20868, moz:profile: C:\Users\luca.bottoni\AppDa..., moz:webdriverClick: false, pageLoadStrategy: normal, platform: XP, platformName: XP, platformVersion: 10.0, proxy: Proxy(direct), rotatable: false, timeouts: {implicit: 0, pageLoad: 300000, script: 30000}}
Session ID: 1ba02ee9-6771-448a-a44a-d05df0140c0f)]]></system-out>
      <system-err><![CDATA[2018-02-14 17:24:28 - [TEST_SUITE][FAILED] - SuiteGhibli: Test Cases/DashboardTransportFilter FAILED because (of) Unable to click on object 'Object Repository/GhibliDashboard/transferStatusOptions/li_SUSPENDED' (Root cause: org.openqa.selenium.ElementNotInteractableException: 
Build info: version: '3.7.1', revision: '8a0099a', time: '2017-11-06T21:07:36.161Z'
System info: host: 'LAP-PC-122', ip: '169.254.92.146', os.name: 'Windows 10', os.arch: 'amd64', os.version: '10.0', java.version: '1.8.0_102'
Driver info: com.kms.katalon.core.webui.driver.firefox.CGeckoDriver
Capabilities {acceptInsecureCerts: true, browserName: firefox, browserVersion: 57.0, javascriptEnabled: true, moz:accessibilityChecks: false, moz:headless: false, moz:processID: 20868, moz:profile: C:\Users\luca.bottoni\AppDa..., moz:webdriverClick: false, pageLoadStrategy: normal, platform: XP, platformName: XP, platformVersion: 10.0, proxy: Proxy(direct), rotatable: false, timeouts: {implicit: 0, pageLoad: 300000, script: 30000}}
Session ID: 1ba02ee9-6771-448a-a44a-d05df0140c0f)]]></system-err>
   </testsuite>
</testsuites>
