<?xml version="1.0" encoding="UTF-8"?>
<testsuites name="New Test Suite" time="17" tests="2" failures="0" errors="0">
   <testsuite name="New Test Suite" tests="2" failures="0" errors="0" time="17" timestamp="2018-02-13 09:18:09" hostname="luca.bottoni - LAP-PC-122.primeurad.com" id="Test Suites/New Test Suite">
      <properties>
         <property name="deviceName" value=""/>
         <property name="devicePlatform" value=""/>
         <property name="logFolder" value="C:\\Users\\luca.bottoni\\Katalon Studio\\Ghibli\\Reports\\New Test Suite\\20180213_091758"/>
         <property name="logFiles" value="C:\\Users\\luca.bottoni\\Katalon Studio\\Ghibli\\Reports\\New Test Suite\\20180213_091758\\execution0.log"/>
         <property name="attachments" value=""/>
         <property name="hostName" value="luca.bottoni - LAP-PC-122.primeurad.com"/>
         <property name="os" value="Windows 10 64bit"/>
         <property name="katalonVersion" value="5.3.0.1"/>
         <property name="browser" value="Firefox 57.0"/>
         <property name="hostAddress" value="169.254.92.146"/>
         <property name="sessionId" value="86ac4ad7-13bc-48fc-a0a0-da5ec6dc1a2d"/>
         <property name="seleniumVersion" value="3.7.1"/>
         <property name="proxyInformation" value="ProxyInformation{proxyOption=NO_PROXY, proxyServerType=HTTP, password=, proxyServerAddress=, proxyServerPort=0}"/>
         <property name="platform" value="Windows 10"/>
      </properties>
      <testcase name="Test Cases/Login" classname="Test Cases/Login" status="PASSED">
         <system-out><![CDATA[2018-02-13 09:18:10 - [TEST_CASE][PASSED] - Test Cases/Login: Test Cases/Login

2018-02-13 09:18:10 - [TEST_STEP][PASSED] - openBrowser: Browser is opened with url: 'http://ghibli-distro.localhost/'

2018-02-13 09:18:20 - [MESSAGE][PASSED] - Browser is opened with url: 'http://ghibli-distro.localhost/'

2018-02-13 09:18:20 - [TEST_STEP][PASSED] - waitForPageLoad: Wait for page load successfully

2018-02-13 09:18:20 - [MESSAGE][PASSED] - Wait for page load successfully

2018-02-13 09:18:20 - [TEST_STEP][PASSED] - setText: Text 'ghibliXXXX' is set on object 'Object Repository/GhibliLoginPage/input_username'

2018-02-13 09:18:21 - [MESSAGE][PASSED] - Text 'ghibliXXXX' is set on object 'Object Repository/GhibliLoginPage/input_username'

2018-02-13 09:18:21 - [TEST_STEP][PASSED] - setText: Text 'ghibliXXXX' is set on object 'Object Repository/GhibliLoginPage/input_password'

2018-02-13 09:18:21 - [MESSAGE][PASSED] - Text 'ghibliXXXX' is set on object 'Object Repository/GhibliLoginPage/input_password'

2018-02-13 09:18:21 - [TEST_STEP][PASSED] - Statement - text1 = com.kms.katalon.core.webui.keyword.WebUiBuiltInKeywords.verifyElementNotVisible(com.kms.katalon.core.testobject.ObjectRepository.findTestObject(Object Repository/GhibliLoginPage/div_Incorrect Username or Pass)): Object 'Object Repository/GhibliLoginPage/div_Incorrect Username or Pass' is NOT visible

2018-02-13 09:18:21 - [MESSAGE][PASSED] - Object 'Object Repository/GhibliLoginPage/div_Incorrect Username or Pass' is NOT visible

2018-02-13 09:18:21 - [TEST_STEP][PASSED] - Statement - assert text1 == true: null

2018-02-13 09:18:21 - [TEST_STEP][PASSED] - doubleClick: Object: 'Object Repository/GhibliLoginPage/LoginButton' is double clicked on

2018-02-13 09:18:22 - [MESSAGE][PASSED] - Object: 'Object Repository/GhibliLoginPage/LoginButton' is double clicked on

2018-02-13 09:18:22 - [TEST_STEP][PASSED] - waitForElementPresent: Object 'Object Repository/GhibliLoginPage/div_Incorrect Username or Pass' is present

2018-02-13 09:18:22 - [MESSAGE][PASSED] - Object 'Object Repository/GhibliLoginPage/div_Incorrect Username or Pass' is present

2018-02-13 09:18:22 - [TEST_STEP][PASSED] - Statement - text2 = com.kms.katalon.core.webui.keyword.WebUiBuiltInKeywords.verifyTextPresent("Incorrect Username or Password", false): Text 'Incorrect Username or Password' is present on page 

2018-02-13 09:18:22 - [MESSAGE][PASSED] - Text 'Incorrect Username or Password' is present on page 

2018-02-13 09:18:22 - [TEST_STEP][PASSED] - Statement - assert text2 == true: null

2018-02-13 09:18:22 - [TEST_STEP][PASSED] - setText: Text 'luca.bottoni' is set on object 'Object Repository/GhibliLoginPage/input_username'

2018-02-13 09:18:22 - [MESSAGE][PASSED] - Text 'luca.bottoni' is set on object 'Object Repository/GhibliLoginPage/input_username'

2018-02-13 09:18:22 - [TEST_STEP][PASSED] - setText: Text 'N.azionale' is set on object 'Object Repository/GhibliLoginPage/input_password'

2018-02-13 09:18:22 - [MESSAGE][PASSED] - Text 'N.azionale' is set on object 'Object Repository/GhibliLoginPage/input_password'

2018-02-13 09:18:22 - [TEST_STEP][PASSED] - click: Object: 'Object Repository/GhibliLoginPage/LoginButton' is clicked on

2018-02-13 09:18:22 - [MESSAGE][PASSED] - Object: 'Object Repository/GhibliLoginPage/LoginButton' is clicked on

2018-02-13 09:18:22 - [TEST_STEP][PASSED] - delay: Delayed 3 second(s)

2018-02-13 09:18:25 - [MESSAGE][PASSED] - Delayed 3 second(s)

2018-02-13 09:18:25 - [TEST_STEP][PASSED] - closeBrowser: Browser is closed

2018-02-13 09:18:27 - [MESSAGE][PASSED] - Browser is closed]]></system-out>
         <system-err><![CDATA[]]></system-err>
      </testcase>
      <testcase name="Test Cases/Dashboard" classname="Test Cases/Dashboard" status="PASSED">
         <system-out><![CDATA[2018-02-13 09:18:27 - [TEST_CASE][PASSED] - Test Cases/Dashboard: Test Cases/Dashboard

2018-02-13 09:18:27 - [TEST_STEP][PASSED] - Statement - maps = [com.kms.katalon.core.testobject.ObjectRepository.findTestObject(Object Repository/GhibliDashboard/input_transferStatus), com.kms.katalon.core.testobject.ObjectRepository.findTestObject(Object Repository/GhibliDashboard/input_sourceQueueManager), com.kms.katalon.core.testobject.ObjectRepository.findTestObject(Object Repository/GhibliDashboard/input_destinationQueueManager), com.kms.katalon.core.testobject.ObjectRepository.findTestObject(Object Repository/GhibliDashboard/input_correlationID), com.kms.katalon.core.testobject.ObjectRepository.findTestObject(Object Repository/GhibliDashboard/btn_workflowdashboard), com.kms.katalon.core.testobject.ObjectRepository.findTestObject(Object Repository/GhibliDashboard/btn_workflow), com.kms.katalon.core.testobject.ObjectRepository.findTestObject(Object Repository/GhibliDashboard/btn_transfersearch), com.kms.katalon.core.testobject.ObjectRepository.findTestObject(Object Repository/GhibliDashboard/btn_setting), com.kms.katalon.core.testobject.ObjectRepository.findTestObject(Object Repository/GhibliDashboard/btn_monitordashboard), com.kms.katalon.core.testobject.ObjectRepository.findTestObject(Object Repository/GhibliDashboard/btn_menu), com.kms.katalon.core.testobject.ObjectRepository.findTestObject(Object Repository/GhibliDashboard/btn_logout), com.kms.katalon.core.testobject.ObjectRepository.findTestObject(Object Repository/GhibliDashboard/btn_clearfilter), com.kms.katalon.core.testobject.ObjectRepository.findTestObject(Object Repository/GhibliDashboard/btn_applyfilter)]: Finding Test Object with id 'Object Repository/GhibliDashboard/btn_applyfilter'

2018-02-13 09:18:27 - [TEST_STEP][PASSED] - Statement - c = 0: null

2018-02-13 09:18:27 - [TEST_STEP][PASSED] - Statement - For (def element : maps): null

2018-02-13 09:18:27 - [TEST_STEP][PASSED] - Statement - println(">>> >>> >>> Element[" + c + "] <<< <<< <<<"): null

2018-02-13 09:18:27 - [TEST_STEP][PASSED] - Statement - (c++): null

2018-02-13 09:18:27 - [TEST_STEP][PASSED] - Statement - println(">>> >>> >>> Element[" + c + "] <<< <<< <<<"): null

2018-02-13 09:18:27 - [TEST_STEP][PASSED] - Statement - (c++): null

2018-02-13 09:18:27 - [TEST_STEP][PASSED] - Statement - println(">>> >>> >>> Element[" + c + "] <<< <<< <<<"): null

2018-02-13 09:18:27 - [TEST_STEP][PASSED] - Statement - (c++): null

2018-02-13 09:18:27 - [TEST_STEP][PASSED] - Statement - println(">>> >>> >>> Element[" + c + "] <<< <<< <<<"): null

2018-02-13 09:18:27 - [TEST_STEP][PASSED] - Statement - (c++): null

2018-02-13 09:18:27 - [TEST_STEP][PASSED] - Statement - println(">>> >>> >>> Element[" + c + "] <<< <<< <<<"): null

2018-02-13 09:18:27 - [TEST_STEP][PASSED] - Statement - (c++): null

2018-02-13 09:18:27 - [TEST_STEP][PASSED] - Statement - println(">>> >>> >>> Element[" + c + "] <<< <<< <<<"): null

2018-02-13 09:18:27 - [TEST_STEP][PASSED] - Statement - (c++): null

2018-02-13 09:18:27 - [TEST_STEP][PASSED] - Statement - println(">>> >>> >>> Element[" + c + "] <<< <<< <<<"): null

2018-02-13 09:18:27 - [TEST_STEP][PASSED] - Statement - (c++): null

2018-02-13 09:18:27 - [TEST_STEP][PASSED] - Statement - println(">>> >>> >>> Element[" + c + "] <<< <<< <<<"): null

2018-02-13 09:18:27 - [TEST_STEP][PASSED] - Statement - (c++): null

2018-02-13 09:18:27 - [TEST_STEP][PASSED] - Statement - println(">>> >>> >>> Element[" + c + "] <<< <<< <<<"): null

2018-02-13 09:18:27 - [TEST_STEP][PASSED] - Statement - (c++): null

2018-02-13 09:18:27 - [TEST_STEP][PASSED] - Statement - println(">>> >>> >>> Element[" + c + "] <<< <<< <<<"): null

2018-02-13 09:18:27 - [TEST_STEP][PASSED] - Statement - (c++): null

2018-02-13 09:18:27 - [TEST_STEP][PASSED] - Statement - println(">>> >>> >>> Element[" + c + "] <<< <<< <<<"): null

2018-02-13 09:18:27 - [TEST_STEP][PASSED] - Statement - (c++): null

2018-02-13 09:18:27 - [TEST_STEP][PASSED] - Statement - println(">>> >>> >>> Element[" + c + "] <<< <<< <<<"): null

2018-02-13 09:18:27 - [TEST_STEP][PASSED] - Statement - (c++): null

2018-02-13 09:18:27 - [TEST_STEP][PASSED] - Statement - println(">>> >>> >>> Element[" + c + "] <<< <<< <<<"): null

2018-02-13 09:18:27 - [TEST_STEP][PASSED] - Statement - (c++): null]]></system-out>
         <system-err><![CDATA[]]></system-err>
      </testcase>
      <system-out><![CDATA[2018-02-13 09:18:09 - [TEST_SUITE][PASSED] - New Test Suite: Test Cases/Dashboard]]></system-out>
      <system-err><![CDATA[]]></system-err>
   </testsuite>
</testsuites>
