<?xml version="1.0" encoding="UTF-8"?>
<testsuites name="SuiteGhibli" time="24" tests="1" failures="1" errors="0">
   <testsuite name="SuiteGhibli" tests="1" failures="1" errors="0" time="24" timestamp="2018-02-14 08:36:02" hostname="luca.bottoni - LAP-PC-122.primeurad.com" id="Test Suites/SuiteGhibli">
      <properties>
         <property name="deviceName" value=""/>
         <property name="devicePlatform" value=""/>
         <property name="logFolder" value="C:\\Users\\luca.bottoni\\Katalon Studio\\Ghibli\\Reports\\SuiteGhibli\\20180214_083551"/>
         <property name="logFiles" value="C:\\Users\\luca.bottoni\\Katalon Studio\\Ghibli\\Reports\\SuiteGhibli\\20180214_083551\\execution0.log"/>
         <property name="attachments" value="C:\\Users\\luca.bottoni\\Katalon Studio\\Ghibli\\Reports\\SuiteGhibli\\20180214_083551\\1518593786097.png"/>
         <property name="hostName" value="luca.bottoni - LAP-PC-122.primeurad.com"/>
         <property name="os" value="Windows 10 64bit"/>
         <property name="katalonVersion" value="5.3.0.1"/>
         <property name="browser" value="Firefox 57.0"/>
         <property name="hostAddress" value="169.254.92.146"/>
         <property name="sessionId" value="ca815381-7e74-4613-9b62-af790795c524"/>
         <property name="seleniumVersion" value="3.7.1"/>
         <property name="proxyInformation" value="ProxyInformation{proxyOption=NO_PROXY, proxyServerType=HTTP, password=, proxyServerAddress=, proxyServerPort=0}"/>
         <property name="platform" value="Windows 10"/>
      </properties>
      <testcase name="Test Cases/Login" classname="Test Cases/Login" status="PASSED">
         <system-out><![CDATA[2018-02-14 08:36:02 - [TEST_CASE][PASSED] - Test Cases/Login: Test Cases/Login

2018-02-14 08:36:03 - [TEST_STEP][PASSED] - openBrowser: Browser is opened with url: 'http://ghibli-distro.localhost/'

2018-02-14 08:36:15 - [MESSAGE][PASSED] - Browser is opened with url: 'http://ghibli-distro.localhost/'

2018-02-14 08:36:15 - [TEST_STEP][PASSED] - waitForPageLoad: Wait for page load successfully

2018-02-14 08:36:15 - [MESSAGE][PASSED] - Wait for page load successfully

2018-02-14 08:36:15 - [TEST_STEP][PASSED] - setText: Text 'ghibliXXXX' is set on object 'Object Repository/GhibliLoginPage/input_username'

2018-02-14 08:36:15 - [MESSAGE][PASSED] - Text 'ghibliXXXX' is set on object 'Object Repository/GhibliLoginPage/input_username'

2018-02-14 08:36:15 - [TEST_STEP][PASSED] - setText: Text 'ghibliXXXX' is set on object 'Object Repository/GhibliLoginPage/input_password'

2018-02-14 08:36:16 - [MESSAGE][PASSED] - Text 'ghibliXXXX' is set on object 'Object Repository/GhibliLoginPage/input_password'

2018-02-14 08:36:16 - [TEST_STEP][PASSED] - Statement - text1 = com.kms.katalon.core.webui.keyword.WebUiBuiltInKeywords.verifyElementNotVisible(com.kms.katalon.core.testobject.ObjectRepository.findTestObject(Object Repository/GhibliLoginPage/div_Incorrect Username or Pass)): Object 'Object Repository/GhibliLoginPage/div_Incorrect Username or Pass' is NOT visible

2018-02-14 08:36:16 - [MESSAGE][PASSED] - Object 'Object Repository/GhibliLoginPage/div_Incorrect Username or Pass' is NOT visible

2018-02-14 08:36:16 - [TEST_STEP][PASSED] - Statement - assert text1 == true: null

2018-02-14 08:36:16 - [TEST_STEP][PASSED] - doubleClick: Object: 'Object Repository/GhibliLoginPage/LoginButton' is double clicked on

2018-02-14 08:36:16 - [MESSAGE][PASSED] - Object: 'Object Repository/GhibliLoginPage/LoginButton' is double clicked on

2018-02-14 08:36:16 - [TEST_STEP][PASSED] - waitForElementPresent: Object 'Object Repository/GhibliLoginPage/div_Incorrect Username or Pass' is present

2018-02-14 08:36:16 - [MESSAGE][PASSED] - Object 'Object Repository/GhibliLoginPage/div_Incorrect Username or Pass' is present

2018-02-14 08:36:16 - [TEST_STEP][PASSED] - Statement - text2 = com.kms.katalon.core.webui.keyword.WebUiBuiltInKeywords.verifyTextPresent("Incorrect Username or Password", false): Text 'Incorrect Username or Password' is present on page 

2018-02-14 08:36:16 - [MESSAGE][PASSED] - Text 'Incorrect Username or Password' is present on page 

2018-02-14 08:36:16 - [TEST_STEP][PASSED] - Statement - assert text2 == true: null

2018-02-14 08:36:16 - [TEST_STEP][PASSED] - setText: Text 'luca.bottoni' is set on object 'Object Repository/GhibliLoginPage/input_username'

2018-02-14 08:36:16 - [MESSAGE][PASSED] - Text 'luca.bottoni' is set on object 'Object Repository/GhibliLoginPage/input_username'

2018-02-14 08:36:16 - [TEST_STEP][PASSED] - setText: Text 'N.azionale' is set on object 'Object Repository/GhibliLoginPage/input_password'

2018-02-14 08:36:16 - [MESSAGE][PASSED] - Text 'N.azionale' is set on object 'Object Repository/GhibliLoginPage/input_password'

2018-02-14 08:36:16 - [TEST_STEP][PASSED] - doubleClick: Object: 'Object Repository/GhibliLoginPage/LoginButton' is double clicked on

2018-02-14 08:36:17 - [MESSAGE][PASSED] - Object: 'Object Repository/GhibliLoginPage/LoginButton' is double clicked on

2018-02-14 08:36:17 - [TEST_STEP][PASSED] - delay: Delayed 1 second(s)

2018-02-14 08:36:18 - [MESSAGE][PASSED] - Delayed 1 second(s)]]></system-out>
         <system-err><![CDATA[]]></system-err>
      </testcase>
      <testcase name="Test Cases/Dashboard" classname="Test Cases/Dashboard" status="FAILED">
         <failure type="FAILED" message="Unable to click on object (Root cause: java.lang.IllegalArgumentException: Object is null)"/>
         <system-out><![CDATA[2018-02-14 08:36:18 - [TEST_CASE][FAILED] - Test Cases/Dashboard: Test Cases/Dashboard FAILED because (of) Unable to click on object (Root cause: java.lang.IllegalArgumentException: Object is null)

2018-02-14 08:36:18 - [TEST_STEP][PASSED] - Statement - maps = [com.kms.katalon.core.testobject.ObjectRepository.findTestObject(Object Repository/GhibliDashboard/input_transferStatus), com.kms.katalon.core.testobject.ObjectRepository.findTestObject(Object Repository/GhibliDashboard/input_sourceQueueManager), com.kms.katalon.core.testobject.ObjectRepository.findTestObject(Object Repository/GhibliDashboard/input_destinationQueueManager), com.kms.katalon.core.testobject.ObjectRepository.findTestObject(Object Repository/GhibliDashboard/input_correlationID), com.kms.katalon.core.testobject.ObjectRepository.findTestObject(Object Repository/GhibliDashboard/btn_workflowdashboard), com.kms.katalon.core.testobject.ObjectRepository.findTestObject(Object Repository/GhibliDashboard/btn_workflow), com.kms.katalon.core.testobject.ObjectRepository.findTestObject(Object Repository/GhibliDashboard/btn_transfersearch), com.kms.katalon.core.testobject.ObjectRepository.findTestObject(Object Repository/GhibliDashboard/btn_setting), com.kms.katalon.core.testobject.ObjectRepository.findTestObject(Object Repository/GhibliDashboard/btn_monitordashboard), com.kms.katalon.core.testobject.ObjectRepository.findTestObject(Object Repository/GhibliDashboard/btn_logout), com.kms.katalon.core.testobject.ObjectRepository.findTestObject(Object Repository/GhibliDashboard/btn_clearfilter), com.kms.katalon.core.testobject.ObjectRepository.findTestObject(Object Repository/GhibliDashboard/btn_applyfilter)]: Finding Test Object with id 'Object Repository/GhibliDashboard/btn_applyfilter'

2018-02-14 08:36:18 - [TEST_STEP][PASSED] - Statement - total = 0: null

2018-02-14 08:36:18 - [TEST_STEP][PASSED] - Statement - ok = 0: null

2018-02-14 08:36:18 - [TEST_STEP][PASSED] - Statement - ko = 0: null

2018-02-14 08:36:18 - [TEST_STEP][PASSED] - Statement - For (def element : maps): null

2018-02-14 08:36:18 - [TEST_STEP][PASSED] - Statement - tag = element.findPropertyValue("tag", false): null

2018-02-14 08:36:18 - [TEST_STEP][PASSED] - Statement - id = element.getObjectId(): null

2018-02-14 08:36:18 - [TEST_STEP][PASSED] - Statement - test = false: null

2018-02-14 08:36:18 - [TEST_STEP][PASSED] - Statement - assert tag != "": null

2018-02-14 08:36:18 - [TEST_STEP][PASSED] - Statement - test = com.kms.katalon.core.webui.keyword.WebUiBuiltInKeywords.waitForElementPresent(element, 1): Object 'Object Repository/GhibliDashboard/input_transferStatus' is present

2018-02-14 08:36:19 - [MESSAGE][PASSED] - Object 'Object Repository/GhibliDashboard/input_transferStatus' is present

2018-02-14 08:36:19 - [TEST_STEP][PASSED] - Statement - If (test == true): null

2018-02-14 08:36:19 - [TEST_STEP][PASSED] - Statement - (ok++): null

2018-02-14 08:36:19 - [TEST_STEP][PASSED] - Statement - assert test == true: null

2018-02-14 08:36:19 - [TEST_STEP][PASSED] - Statement - (total++): null

2018-02-14 08:36:19 - [TEST_STEP][PASSED] - Statement - tag = element.findPropertyValue("tag", false): null

2018-02-14 08:36:19 - [TEST_STEP][PASSED] - Statement - id = element.getObjectId(): null

2018-02-14 08:36:19 - [TEST_STEP][PASSED] - Statement - test = false: null

2018-02-14 08:36:19 - [TEST_STEP][PASSED] - Statement - assert tag != "": null

2018-02-14 08:36:19 - [TEST_STEP][PASSED] - Statement - test = com.kms.katalon.core.webui.keyword.WebUiBuiltInKeywords.waitForElementPresent(element, 1): Object 'Object Repository/GhibliDashboard/input_sourceQueueManager' is present

2018-02-14 08:36:19 - [MESSAGE][PASSED] - Object 'Object Repository/GhibliDashboard/input_sourceQueueManager' is present

2018-02-14 08:36:19 - [TEST_STEP][PASSED] - Statement - If (test == true): null

2018-02-14 08:36:19 - [TEST_STEP][PASSED] - Statement - (ok++): null

2018-02-14 08:36:19 - [TEST_STEP][PASSED] - Statement - assert test == true: null

2018-02-14 08:36:19 - [TEST_STEP][PASSED] - Statement - (total++): null

2018-02-14 08:36:19 - [TEST_STEP][PASSED] - Statement - tag = element.findPropertyValue("tag", false): null

2018-02-14 08:36:19 - [TEST_STEP][PASSED] - Statement - id = element.getObjectId(): null

2018-02-14 08:36:19 - [TEST_STEP][PASSED] - Statement - test = false: null

2018-02-14 08:36:19 - [TEST_STEP][PASSED] - Statement - assert tag != "": null

2018-02-14 08:36:19 - [TEST_STEP][PASSED] - Statement - test = com.kms.katalon.core.webui.keyword.WebUiBuiltInKeywords.waitForElementPresent(element, 1): Object 'Object Repository/GhibliDashboard/input_destinationQueueManager' is present

2018-02-14 08:36:19 - [MESSAGE][PASSED] - Object 'Object Repository/GhibliDashboard/input_destinationQueueManager' is present

2018-02-14 08:36:19 - [TEST_STEP][PASSED] - Statement - If (test == true): null

2018-02-14 08:36:19 - [TEST_STEP][PASSED] - Statement - (ok++): null

2018-02-14 08:36:19 - [TEST_STEP][PASSED] - Statement - assert test == true: null

2018-02-14 08:36:19 - [TEST_STEP][PASSED] - Statement - (total++): null

2018-02-14 08:36:19 - [TEST_STEP][PASSED] - Statement - tag = element.findPropertyValue("tag", false): null

2018-02-14 08:36:19 - [TEST_STEP][PASSED] - Statement - id = element.getObjectId(): null

2018-02-14 08:36:19 - [TEST_STEP][PASSED] - Statement - test = false: null

2018-02-14 08:36:19 - [TEST_STEP][PASSED] - Statement - assert tag != "": null

2018-02-14 08:36:19 - [TEST_STEP][PASSED] - Statement - test = com.kms.katalon.core.webui.keyword.WebUiBuiltInKeywords.waitForElementPresent(element, 1): Object 'Object Repository/GhibliDashboard/input_correlationID' is present

2018-02-14 08:36:19 - [MESSAGE][PASSED] - Object 'Object Repository/GhibliDashboard/input_correlationID' is present

2018-02-14 08:36:19 - [TEST_STEP][PASSED] - Statement - If (test == true): null

2018-02-14 08:36:19 - [TEST_STEP][PASSED] - Statement - (ok++): null

2018-02-14 08:36:19 - [TEST_STEP][PASSED] - Statement - assert test == true: null

2018-02-14 08:36:19 - [TEST_STEP][PASSED] - Statement - (total++): null

2018-02-14 08:36:19 - [TEST_STEP][PASSED] - Statement - tag = element.findPropertyValue("tag", false): null

2018-02-14 08:36:19 - [TEST_STEP][PASSED] - Statement - id = element.getObjectId(): null

2018-02-14 08:36:19 - [TEST_STEP][PASSED] - Statement - test = false: null

2018-02-14 08:36:19 - [TEST_STEP][PASSED] - Statement - assert tag != "": null

2018-02-14 08:36:19 - [TEST_STEP][PASSED] - Statement - test = com.kms.katalon.core.webui.keyword.WebUiBuiltInKeywords.waitForElementPresent(element, 1): Object 'Object Repository/GhibliDashboard/btn_workflowdashboard' is present

2018-02-14 08:36:19 - [MESSAGE][PASSED] - Object 'Object Repository/GhibliDashboard/btn_workflowdashboard' is present

2018-02-14 08:36:19 - [TEST_STEP][PASSED] - Statement - If (test == true): null

2018-02-14 08:36:19 - [TEST_STEP][PASSED] - Statement - (ok++): null

2018-02-14 08:36:19 - [TEST_STEP][PASSED] - Statement - assert test == true: null

2018-02-14 08:36:19 - [TEST_STEP][PASSED] - Statement - (total++): null

2018-02-14 08:36:19 - [TEST_STEP][PASSED] - Statement - tag = element.findPropertyValue("tag", false): null

2018-02-14 08:36:19 - [TEST_STEP][PASSED] - Statement - id = element.getObjectId(): null

2018-02-14 08:36:19 - [TEST_STEP][PASSED] - Statement - test = false: null

2018-02-14 08:36:19 - [TEST_STEP][PASSED] - Statement - assert tag != "": null

2018-02-14 08:36:19 - [TEST_STEP][PASSED] - Statement - test = com.kms.katalon.core.webui.keyword.WebUiBuiltInKeywords.waitForElementPresent(element, 1): Object 'Object Repository/GhibliDashboard/btn_workflow' is present

2018-02-14 08:36:19 - [MESSAGE][PASSED] - Object 'Object Repository/GhibliDashboard/btn_workflow' is present

2018-02-14 08:36:19 - [TEST_STEP][PASSED] - Statement - If (test == true): null

2018-02-14 08:36:19 - [TEST_STEP][PASSED] - Statement - (ok++): null

2018-02-14 08:36:19 - [TEST_STEP][PASSED] - Statement - assert test == true: null

2018-02-14 08:36:19 - [TEST_STEP][PASSED] - Statement - (total++): null

2018-02-14 08:36:19 - [TEST_STEP][PASSED] - Statement - tag = element.findPropertyValue("tag", false): null

2018-02-14 08:36:19 - [TEST_STEP][PASSED] - Statement - id = element.getObjectId(): null

2018-02-14 08:36:19 - [TEST_STEP][PASSED] - Statement - test = false: null

2018-02-14 08:36:19 - [TEST_STEP][PASSED] - Statement - assert tag != "": null

2018-02-14 08:36:19 - [TEST_STEP][PASSED] - Statement - test = com.kms.katalon.core.webui.keyword.WebUiBuiltInKeywords.waitForElementPresent(element, 1): Object 'Object Repository/GhibliDashboard/btn_transfersearch' is present

2018-02-14 08:36:19 - [MESSAGE][PASSED] - Object 'Object Repository/GhibliDashboard/btn_transfersearch' is present

2018-02-14 08:36:19 - [TEST_STEP][PASSED] - Statement - If (test == true): null

2018-02-14 08:36:19 - [TEST_STEP][PASSED] - Statement - (ok++): null

2018-02-14 08:36:19 - [TEST_STEP][PASSED] - Statement - assert test == true: null

2018-02-14 08:36:19 - [TEST_STEP][PASSED] - Statement - (total++): null

2018-02-14 08:36:19 - [TEST_STEP][PASSED] - Statement - tag = element.findPropertyValue("tag", false): null

2018-02-14 08:36:19 - [TEST_STEP][PASSED] - Statement - id = element.getObjectId(): null

2018-02-14 08:36:19 - [TEST_STEP][PASSED] - Statement - test = false: null

2018-02-14 08:36:19 - [TEST_STEP][PASSED] - Statement - assert tag != "": null

2018-02-14 08:36:19 - [TEST_STEP][PASSED] - Statement - test = com.kms.katalon.core.webui.keyword.WebUiBuiltInKeywords.waitForElementPresent(element, 1): Object 'Object Repository/GhibliDashboard/btn_setting' is present

2018-02-14 08:36:19 - [MESSAGE][PASSED] - Object 'Object Repository/GhibliDashboard/btn_setting' is present

2018-02-14 08:36:19 - [TEST_STEP][PASSED] - Statement - If (test == true): null

2018-02-14 08:36:19 - [TEST_STEP][PASSED] - Statement - (ok++): null

2018-02-14 08:36:19 - [TEST_STEP][PASSED] - Statement - assert test == true: null

2018-02-14 08:36:19 - [TEST_STEP][PASSED] - Statement - (total++): null

2018-02-14 08:36:19 - [TEST_STEP][PASSED] - Statement - tag = element.findPropertyValue("tag", false): null

2018-02-14 08:36:19 - [TEST_STEP][PASSED] - Statement - id = element.getObjectId(): null

2018-02-14 08:36:19 - [TEST_STEP][PASSED] - Statement - test = false: null

2018-02-14 08:36:19 - [TEST_STEP][PASSED] - Statement - assert tag != "": null

2018-02-14 08:36:19 - [TEST_STEP][PASSED] - Statement - test = com.kms.katalon.core.webui.keyword.WebUiBuiltInKeywords.waitForElementPresent(element, 1): Object 'Object Repository/GhibliDashboard/btn_monitordashboard' is present

2018-02-14 08:36:19 - [MESSAGE][PASSED] - Object 'Object Repository/GhibliDashboard/btn_monitordashboard' is present

2018-02-14 08:36:19 - [TEST_STEP][PASSED] - Statement - If (test == true): null

2018-02-14 08:36:19 - [TEST_STEP][PASSED] - Statement - (ok++): null

2018-02-14 08:36:19 - [TEST_STEP][PASSED] - Statement - assert test == true: null

2018-02-14 08:36:19 - [TEST_STEP][PASSED] - Statement - (total++): null

2018-02-14 08:36:19 - [TEST_STEP][PASSED] - Statement - tag = element.findPropertyValue("tag", false): null

2018-02-14 08:36:19 - [TEST_STEP][PASSED] - Statement - id = element.getObjectId(): null

2018-02-14 08:36:19 - [TEST_STEP][PASSED] - Statement - test = false: null

2018-02-14 08:36:19 - [TEST_STEP][PASSED] - Statement - assert tag != "": null

2018-02-14 08:36:19 - [TEST_STEP][PASSED] - Statement - test = com.kms.katalon.core.webui.keyword.WebUiBuiltInKeywords.waitForElementPresent(element, 1): Object 'Object Repository/GhibliDashboard/btn_logout' is present

2018-02-14 08:36:19 - [MESSAGE][PASSED] - Object 'Object Repository/GhibliDashboard/btn_logout' is present

2018-02-14 08:36:19 - [TEST_STEP][PASSED] - Statement - If (test == true): null

2018-02-14 08:36:19 - [TEST_STEP][PASSED] - Statement - (ok++): null

2018-02-14 08:36:19 - [TEST_STEP][PASSED] - Statement - assert test == true: null

2018-02-14 08:36:19 - [TEST_STEP][PASSED] - Statement - (total++): null

2018-02-14 08:36:19 - [TEST_STEP][PASSED] - Statement - tag = element.findPropertyValue("tag", false): null

2018-02-14 08:36:19 - [TEST_STEP][PASSED] - Statement - id = element.getObjectId(): null

2018-02-14 08:36:19 - [TEST_STEP][PASSED] - Statement - test = false: null

2018-02-14 08:36:19 - [TEST_STEP][PASSED] - Statement - assert tag != "": null

2018-02-14 08:36:19 - [TEST_STEP][PASSED] - Statement - test = com.kms.katalon.core.webui.keyword.WebUiBuiltInKeywords.waitForElementPresent(element, 1): Object 'Object Repository/GhibliDashboard/btn_clearfilter' is present

2018-02-14 08:36:19 - [MESSAGE][PASSED] - Object 'Object Repository/GhibliDashboard/btn_clearfilter' is present

2018-02-14 08:36:19 - [TEST_STEP][PASSED] - Statement - If (test == true): null

2018-02-14 08:36:19 - [TEST_STEP][PASSED] - Statement - (ok++): null

2018-02-14 08:36:19 - [TEST_STEP][PASSED] - Statement - assert test == true: null

2018-02-14 08:36:19 - [TEST_STEP][PASSED] - Statement - (total++): null

2018-02-14 08:36:19 - [TEST_STEP][PASSED] - Statement - tag = element.findPropertyValue("tag", false): null

2018-02-14 08:36:19 - [TEST_STEP][PASSED] - Statement - id = element.getObjectId(): null

2018-02-14 08:36:19 - [TEST_STEP][PASSED] - Statement - test = false: null

2018-02-14 08:36:19 - [TEST_STEP][PASSED] - Statement - assert tag != "": null

2018-02-14 08:36:19 - [TEST_STEP][PASSED] - Statement - test = com.kms.katalon.core.webui.keyword.WebUiBuiltInKeywords.waitForElementPresent(element, 1): Object 'Object Repository/GhibliDashboard/btn_applyfilter' is present

2018-02-14 08:36:19 - [MESSAGE][PASSED] - Object 'Object Repository/GhibliDashboard/btn_applyfilter' is present

2018-02-14 08:36:19 - [TEST_STEP][PASSED] - Statement - If (test == true): null

2018-02-14 08:36:19 - [TEST_STEP][PASSED] - Statement - (ok++): null

2018-02-14 08:36:19 - [TEST_STEP][PASSED] - Statement - assert test == true: null

2018-02-14 08:36:19 - [TEST_STEP][PASSED] - Statement - (total++): null

2018-02-14 08:36:19 - [TEST_STEP][PASSED] - Statement - println("END TEST"): null

2018-02-14 08:36:19 - [TEST_STEP][PASSED] - Statement - println("> TOTALE:" + total): null

2018-02-14 08:36:19 - [TEST_STEP][PASSED] - Statement - println("> OK:" + ok): null

2018-02-14 08:36:19 - [TEST_STEP][PASSED] - Statement - println("> KO:" + ko): null

2018-02-14 08:36:19 - [TEST_STEP][PASSED] - openBrowser: Browser is opened with url: ''

2018-02-14 08:36:19 - [MESSAGE][WARNING] - A browser is already opened. Closing browser and opening a new one

2018-02-14 08:36:26 - [MESSAGE][PASSED] - Browser is opened with url: ''

2018-02-14 08:36:26 - [TEST_STEP][FAILED] - click: Unable to click on object (Root cause: java.lang.IllegalArgumentException: Object is null)

2018-02-14 08:36:26 - [MESSAGE][WARNING] - Test object with id 'Object Repository/Page_Primeur Ghibli/div_ext-gen1176' does not exist

2018-02-14 08:36:26 - [MESSAGE][WARNING] - Test object with id 'Object Repository/' does not exist

2018-02-14 08:36:26 - [MESSAGE][FAILED] - Unable to click on object (Root cause: java.lang.IllegalArgumentException: Object is null)
[[ATTACHMENT|C:\\Users\\luca.bottoni\\Katalon Studio\\Ghibli\\Reports\\SuiteGhibli\\20180214_083551\\1518593786097.png]]]]></system-out>
         <system-err><![CDATA[2018-02-14 08:36:18 - [TEST_CASE][FAILED] - Test Cases/Dashboard: Test Cases/Dashboard FAILED because (of) Unable to click on object (Root cause: java.lang.IllegalArgumentException: Object is null)]]></system-err>
      </testcase>
      <system-out><![CDATA[2018-02-14 08:36:02 - [TEST_SUITE][FAILED] - SuiteGhibli: Test Cases/Dashboard FAILED because (of) Unable to click on object (Root cause: java.lang.IllegalArgumentException: Object is null)]]></system-out>
      <system-err><![CDATA[2018-02-14 08:36:02 - [TEST_SUITE][FAILED] - SuiteGhibli: Test Cases/Dashboard FAILED because (of) Unable to click on object (Root cause: java.lang.IllegalArgumentException: Object is null)]]></system-err>
   </testsuite>
</testsuites>
