<?xml version="1.0" encoding="UTF-8"?>
<testsuites name="SuiteGhibli" time="22" tests="0" failures="3" errors="0">
   <testsuite name="SuiteGhibli" tests="0" failures="3" errors="0" time="22" timestamp="2018-02-14 13:04:57" hostname="luca.bottoni - LAP-PC-122.primeurad.com" id="Test Suites/SuiteGhibli">
      <properties>
         <property name="deviceName" value=""/>
         <property name="devicePlatform" value=""/>
         <property name="logFolder" value="C:\\Users\\luca.bottoni\\Katalon Studio\\Ghibli\\Reports\\SuiteGhibli\\20180214_130445"/>
         <property name="logFiles" value="C:\\Users\\luca.bottoni\\Katalon Studio\\Ghibli\\Reports\\SuiteGhibli\\20180214_130445\\execution0.log"/>
         <property name="attachments" value=""/>
         <property name="hostName" value="luca.bottoni - LAP-PC-122.primeurad.com"/>
         <property name="hostAddress" value="169.254.92.146"/>
         <property name="os" value="Windows 10 64bit"/>
         <property name="katalonVersion" value="5.3.0.1"/>
      </properties>
      <testcase name="Test Cases/Login" classname="Test Cases/Login" status="FAILED">
         <failure type="FAILED" message="Unable to open browser with url: 'http://ghibli-distro.localhost/' (Root cause: org.openqa.selenium.WebDriverException: Timed out waiting for driver server to start.
Build info: version: '3.7.1', revision: '8a0099a', time: '2017-11-06T21:07:36.161Z'
System info: host: 'LAP-PC-122', ip: '169.254.92.146', os.name: 'Windows 10', os.arch: 'amd64', os.version: '10.0', java.version: '1.8.0_102'
Driver info: driver.version: unknown)"/>
         <system-out><![CDATA[2018-02-14 13:04:57 - [TEST_CASE][FAILED] - Test Cases/Login: Test Cases/Login FAILED because (of) Unable to open browser with url: 'http://ghibli-distro.localhost/' (Root cause: org.openqa.selenium.WebDriverException: Timed out waiting for driver server to start.
Build info: version: '3.7.1', revision: '8a0099a', time: '2017-11-06T21:07:36.161Z'
System info: host: 'LAP-PC-122', ip: '169.254.92.146', os.name: 'Windows 10', os.arch: 'amd64', os.version: '10.0', java.version: '1.8.0_102'
Driver info: driver.version: unknown)

2018-02-14 13:04:58 - [TEST_STEP][FAILED] - openBrowser: Unable to open browser with url: 'http://ghibli-distro.localhost/' (Root cause: org.openqa.selenium.WebDriverException: Timed out waiting for driver server to start.
Build info: version: '3.7.1', revision: '8a0099a', time: '2017-11-06T21:07:36.161Z'
System info: host: 'LAP-PC-122', ip: '169.254.92.146', os.name: 'Windows 10', os.arch: 'amd64', os.version: '10.0', java.version: '1.8.0_102'
Driver info: driver.version: unknown)

2018-02-14 13:05:19 - [MESSAGE][FAILED] - Unable to open browser with url: 'http://ghibli-distro.localhost/' (Root cause: org.openqa.selenium.WebDriverException: Timed out waiting for driver server to start.
Build info: version: '3.7.1', revision: '8a0099a', time: '2017-11-06T21:07:36.161Z'
System info: host: 'LAP-PC-122', ip: '169.254.92.146', os.name: 'Windows 10', os.arch: 'amd64', os.version: '10.0', java.version: '1.8.0_102'
Driver info: driver.version: unknown)]]></system-out>
         <system-err><![CDATA[2018-02-14 13:04:57 - [TEST_CASE][FAILED] - Test Cases/Login: Test Cases/Login FAILED because (of) Unable to open browser with url: 'http://ghibli-distro.localhost/' (Root cause: org.openqa.selenium.WebDriverException: Timed out waiting for driver server to start.
Build info: version: '3.7.1', revision: '8a0099a', time: '2017-11-06T21:07:36.161Z'
System info: host: 'LAP-PC-122', ip: '169.254.92.146', os.name: 'Windows 10', os.arch: 'amd64', os.version: '10.0', java.version: '1.8.0_102'
Driver info: driver.version: unknown)]]></system-err>
      </testcase>
      <testcase name="Test Cases/Dashboard" classname="Test Cases/Dashboard" status="FAILED">
         <failure type="FAILED" message="Unable to wait for object 'Object Repository/GhibliDashboard/input_transferStatus' to be present (Root cause: com.kms.katalon.core.webui.exception.BrowserNotOpenedException: Browser is not opened
Build info: version: '3.7.1', revision: '8a0099a', time: '2017-11-06T21:07:36.161Z'
System info: host: 'LAP-PC-122', ip: '169.254.92.146', os.name: 'Windows 10', os.arch: 'amd64', os.version: '10.0', java.version: '1.8.0_102'
Driver info: driver.version: unknown)"/>
         <system-out><![CDATA[2018-02-14 13:05:19 - [TEST_CASE][FAILED] - Test Cases/Dashboard: Test Cases/Dashboard FAILED because (of) Unable to wait for object 'Object Repository/GhibliDashboard/input_transferStatus' to be present (Root cause: com.kms.katalon.core.webui.exception.BrowserNotOpenedException: Browser is not opened
Build info: version: '3.7.1', revision: '8a0099a', time: '2017-11-06T21:07:36.161Z'
System info: host: 'LAP-PC-122', ip: '169.254.92.146', os.name: 'Windows 10', os.arch: 'amd64', os.version: '10.0', java.version: '1.8.0_102'
Driver info: driver.version: unknown)

2018-02-14 13:05:19 - [TEST_STEP][PASSED] - Statement - maps = [com.kms.katalon.core.testobject.ObjectRepository.findTestObject(Object Repository/GhibliDashboard/input_transferStatus), com.kms.katalon.core.testobject.ObjectRepository.findTestObject(Object Repository/GhibliDashboard/input_sourceQueueManager), com.kms.katalon.core.testobject.ObjectRepository.findTestObject(Object Repository/GhibliDashboard/input_destinationQueueManager), com.kms.katalon.core.testobject.ObjectRepository.findTestObject(Object Repository/GhibliDashboard/input_correlationID), com.kms.katalon.core.testobject.ObjectRepository.findTestObject(Object Repository/GhibliDashboard/btn_workflowdashboard), com.kms.katalon.core.testobject.ObjectRepository.findTestObject(Object Repository/GhibliDashboard/btn_workflow), com.kms.katalon.core.testobject.ObjectRepository.findTestObject(Object Repository/GhibliDashboard/btn_transfersearch), com.kms.katalon.core.testobject.ObjectRepository.findTestObject(Object Repository/GhibliDashboard/btn_setting), com.kms.katalon.core.testobject.ObjectRepository.findTestObject(Object Repository/GhibliDashboard/btn_monitordashboard), com.kms.katalon.core.testobject.ObjectRepository.findTestObject(Object Repository/GhibliDashboard/btn_logout), com.kms.katalon.core.testobject.ObjectRepository.findTestObject(Object Repository/GhibliDashboard/btn_clearfilter), com.kms.katalon.core.testobject.ObjectRepository.findTestObject(Object Repository/GhibliDashboard/btn_applyfilter)]: Finding Test Object with id 'Object Repository/GhibliDashboard/btn_applyfilter'

2018-02-14 13:05:19 - [TEST_STEP][PASSED] - Statement - total = 0: null

2018-02-14 13:05:19 - [TEST_STEP][PASSED] - Statement - ok = 0: null

2018-02-14 13:05:19 - [TEST_STEP][PASSED] - Statement - ko = 0: null

2018-02-14 13:05:19 - [TEST_STEP][FAILED] - Statement - For (def element : maps): Unable to wait for object 'Object Repository/GhibliDashboard/input_transferStatus' to be present (Root cause: com.kms.katalon.core.webui.exception.BrowserNotOpenedException: Browser is not opened
Build info: version: '3.7.1', revision: '8a0099a', time: '2017-11-06T21:07:36.161Z'
System info: host: 'LAP-PC-122', ip: '169.254.92.146', os.name: 'Windows 10', os.arch: 'amd64', os.version: '10.0', java.version: '1.8.0_102'
Driver info: driver.version: unknown)

2018-02-14 13:05:19 - [TEST_STEP][PASSED] - Statement - tag = element.findPropertyValue("tag", false): null

2018-02-14 13:05:19 - [TEST_STEP][PASSED] - Statement - id = element.getObjectId(): null

2018-02-14 13:05:19 - [TEST_STEP][PASSED] - Statement - test = false: null

2018-02-14 13:05:19 - [TEST_STEP][PASSED] - Statement - assert tag != "": null

2018-02-14 13:05:19 - [TEST_STEP][FAILED] - Statement - test = com.kms.katalon.core.webui.keyword.WebUiBuiltInKeywords.waitForElementPresent(element, 1): Unable to wait for object 'Object Repository/GhibliDashboard/input_transferStatus' to be present (Root cause: com.kms.katalon.core.webui.exception.BrowserNotOpenedException: Browser is not opened
Build info: version: '3.7.1', revision: '8a0099a', time: '2017-11-06T21:07:36.161Z'
System info: host: 'LAP-PC-122', ip: '169.254.92.146', os.name: 'Windows 10', os.arch: 'amd64', os.version: '10.0', java.version: '1.8.0_102'
Driver info: driver.version: unknown)

2018-02-14 13:05:19 - [MESSAGE][WARNING] - Cannot take screenshot

2018-02-14 13:05:19 - [MESSAGE][FAILED] - Unable to wait for object 'Object Repository/GhibliDashboard/input_transferStatus' to be present (Root cause: com.kms.katalon.core.webui.exception.BrowserNotOpenedException: Browser is not opened
Build info: version: '3.7.1', revision: '8a0099a', time: '2017-11-06T21:07:36.161Z'
System info: host: 'LAP-PC-122', ip: '169.254.92.146', os.name: 'Windows 10', os.arch: 'amd64', os.version: '10.0', java.version: '1.8.0_102'
Driver info: driver.version: unknown)]]></system-out>
         <system-err><![CDATA[2018-02-14 13:05:19 - [TEST_CASE][FAILED] - Test Cases/Dashboard: Test Cases/Dashboard FAILED because (of) Unable to wait for object 'Object Repository/GhibliDashboard/input_transferStatus' to be present (Root cause: com.kms.katalon.core.webui.exception.BrowserNotOpenedException: Browser is not opened
Build info: version: '3.7.1', revision: '8a0099a', time: '2017-11-06T21:07:36.161Z'
System info: host: 'LAP-PC-122', ip: '169.254.92.146', os.name: 'Windows 10', os.arch: 'amd64', os.version: '10.0', java.version: '1.8.0_102'
Driver info: driver.version: unknown)]]></system-err>
      </testcase>
      <testcase name="Test Cases/DashboardTransportFilter" classname="Test Cases/DashboardTransportFilter" status="FAILED">
         <failure type="FAILED" message="Unable to click on object 'Object Repository/GhibliDashboard/transferStatusCLICK' (Root cause: com.kms.katalon.core.webui.exception.BrowserNotOpenedException: Browser is not opened
Build info: version: '3.7.1', revision: '8a0099a', time: '2017-11-06T21:07:36.161Z'
System info: host: 'LAP-PC-122', ip: '169.254.92.146', os.name: 'Windows 10', os.arch: 'amd64', os.version: '10.0', java.version: '1.8.0_102'
Driver info: driver.version: unknown)"/>
         <system-out><![CDATA[2018-02-14 13:05:19 - [TEST_CASE][FAILED] - Test Cases/DashboardTransportFilter: Test Cases/DashboardTransportFilter FAILED because (of) Unable to click on object 'Object Repository/GhibliDashboard/transferStatusCLICK' (Root cause: com.kms.katalon.core.webui.exception.BrowserNotOpenedException: Browser is not opened
Build info: version: '3.7.1', revision: '8a0099a', time: '2017-11-06T21:07:36.161Z'
System info: host: 'LAP-PC-122', ip: '169.254.92.146', os.name: 'Windows 10', os.arch: 'amd64', os.version: '10.0', java.version: '1.8.0_102'
Driver info: driver.version: unknown)

2018-02-14 13:05:19 - [TEST_STEP][PASSED] - Statement - select_status = com.kms.katalon.core.testobject.ObjectRepository.findTestObject(Object Repository/GhibliDashboard/transferStatusCLICK): Finding Test Object with id 'Object Repository/GhibliDashboard/transferStatusCLICK'

2018-02-14 13:05:19 - [TEST_STEP][PASSED] - Statement - optionMap = ["SUBMITTED":"li_SUBMITTED", "SUSPENDED":"li_SUSPENDED", "RESUMED":"li_RESUMED", "STARTED":"li_STARTED", "STARTED_RETRY":"li_STARTED_RETRY", ... ]: null

2018-02-14 13:05:19 - [TEST_STEP][FAILED] - click: Unable to click on object 'Object Repository/GhibliDashboard/transferStatusCLICK' (Root cause: com.kms.katalon.core.webui.exception.BrowserNotOpenedException: Browser is not opened
Build info: version: '3.7.1', revision: '8a0099a', time: '2017-11-06T21:07:36.161Z'
System info: host: 'LAP-PC-122', ip: '169.254.92.146', os.name: 'Windows 10', os.arch: 'amd64', os.version: '10.0', java.version: '1.8.0_102'
Driver info: driver.version: unknown)

2018-02-14 13:05:19 - [MESSAGE][WARNING] - Cannot take screenshot

2018-02-14 13:05:19 - [MESSAGE][FAILED] - Unable to click on object 'Object Repository/GhibliDashboard/transferStatusCLICK' (Root cause: com.kms.katalon.core.webui.exception.BrowserNotOpenedException: Browser is not opened
Build info: version: '3.7.1', revision: '8a0099a', time: '2017-11-06T21:07:36.161Z'
System info: host: 'LAP-PC-122', ip: '169.254.92.146', os.name: 'Windows 10', os.arch: 'amd64', os.version: '10.0', java.version: '1.8.0_102'
Driver info: driver.version: unknown)]]></system-out>
         <system-err><![CDATA[2018-02-14 13:05:19 - [TEST_CASE][FAILED] - Test Cases/DashboardTransportFilter: Test Cases/DashboardTransportFilter FAILED because (of) Unable to click on object 'Object Repository/GhibliDashboard/transferStatusCLICK' (Root cause: com.kms.katalon.core.webui.exception.BrowserNotOpenedException: Browser is not opened
Build info: version: '3.7.1', revision: '8a0099a', time: '2017-11-06T21:07:36.161Z'
System info: host: 'LAP-PC-122', ip: '169.254.92.146', os.name: 'Windows 10', os.arch: 'amd64', os.version: '10.0', java.version: '1.8.0_102'
Driver info: driver.version: unknown)]]></system-err>
      </testcase>
      <system-out><![CDATA[2018-02-14 13:04:57 - [TEST_SUITE][FAILED] - SuiteGhibli: Test Cases/Login FAILED because (of) Unable to open browser with url: 'http://ghibli-distro.localhost/' (Root cause: org.openqa.selenium.WebDriverException: Timed out waiting for driver server to start.
Build info: version: '3.7.1', revision: '8a0099a', time: '2017-11-06T21:07:36.161Z'
System info: host: 'LAP-PC-122', ip: '169.254.92.146', os.name: 'Windows 10', os.arch: 'amd64', os.version: '10.0', java.version: '1.8.0_102'
Driver info: driver.version: unknown)]]></system-out>
      <system-err><![CDATA[2018-02-14 13:04:57 - [TEST_SUITE][FAILED] - SuiteGhibli: Test Cases/Login FAILED because (of) Unable to open browser with url: 'http://ghibli-distro.localhost/' (Root cause: org.openqa.selenium.WebDriverException: Timed out waiting for driver server to start.
Build info: version: '3.7.1', revision: '8a0099a', time: '2017-11-06T21:07:36.161Z'
System info: host: 'LAP-PC-122', ip: '169.254.92.146', os.name: 'Windows 10', os.arch: 'amd64', os.version: '10.0', java.version: '1.8.0_102'
Driver info: driver.version: unknown)]]></system-err>
   </testsuite>
</testsuites>
