<?xml version="1.0" encoding="UTF-8"?>
<testsuites name="SuiteGhibli" time="51" tests="1" failures="2" errors="0">
   <testsuite name="SuiteGhibli" tests="1" failures="2" errors="0" time="51" timestamp="2018-02-14 17:42:47" hostname="luca.bottoni - LAP-PC-122.primeurad.com" id="Test Suites/SuiteGhibli">
      <properties>
         <property name="deviceName" value=""/>
         <property name="devicePlatform" value=""/>
         <property name="logFolder" value="C:\\Users\\luca.bottoni\\Katalon Studio\\Ghibli\\Reports\\SuiteGhibli\\20180214_174215"/>
         <property name="logFiles" value="C:\\Users\\luca.bottoni\\Katalon Studio\\Ghibli\\Reports\\SuiteGhibli\\20180214_174215\\execution0.log, C:\\Users\\luca.bottoni\\Katalon Studio\\Ghibli\\Reports\\SuiteGhibli\\20180214_174215\\IEDriverServer.log"/>
         <property name="attachments" value="C:\\Users\\luca.bottoni\\Katalon Studio\\Ghibli\\Reports\\SuiteGhibli\\20180214_174215\\1518626594375.png, C:\\Users\\luca.bottoni\\Katalon Studio\\Ghibli\\Reports\\SuiteGhibli\\20180214_174215\\1518626594505.png"/>
         <property name="hostName" value="luca.bottoni - LAP-PC-122.primeurad.com"/>
         <property name="os" value="Windows 10 64bit"/>
         <property name="katalonVersion" value="5.3.0.1"/>
         <property name="browser" value="IE 11"/>
         <property name="hostAddress" value="169.254.92.146"/>
         <property name="sessionId" value="0f6ced03-87eb-40f8-9d6e-23bbd8379bf3"/>
         <property name="seleniumVersion" value="3.7.1"/>
         <property name="proxyInformation" value="ProxyInformation{proxyOption=NO_PROXY, proxyServerType=HTTP, password=, proxyServerAddress=, proxyServerPort=0}"/>
         <property name="platform" value="Windows 10"/>
      </properties>
      <testcase name="Test Cases/Login" classname="Test Cases/Login" status="FAILED">
         <failure type="FAILED" message="Unable to verify object 'Object Repository/GhibliLoginPage/input_username' is present (Root cause: com.kms.katalon.core.webui.exception.WebElementNotFoundException: Web element with id: 'Object Repository/GhibliLoginPage/input_username' located by 'By.xpath: //input[@name = 'username' and @type = 'text']' not found)"/>
         <system-out><![CDATA[2018-02-14 17:42:49 - [TEST_CASE][FAILED] - Test Cases/Login: Test Cases/Login FAILED because (of) Unable to verify object 'Object Repository/GhibliLoginPage/input_username' is present (Root cause: com.kms.katalon.core.webui.exception.WebElementNotFoundException: Web element with id: 'Object Repository/GhibliLoginPage/input_username' located by 'By.xpath: //input[@name = 'username' and @type = 'text']' not found)

2018-02-14 17:42:51 - [TEST_STEP][PASSED] - openBrowser: Browser is opened with url: 'http://ghibli-distro.localhost/'

2018-02-14 17:43:12 - [MESSAGE][PASSED] - Browser is opened with url: 'http://ghibli-distro.localhost/'

2018-02-14 17:43:12 - [TEST_STEP][PASSED] - Statement - input_login = com.kms.katalon.core.testobject.ObjectRepository.findTestObject(Object Repository/GhibliLoginPage/input_username): Finding Test Object with id 'Object Repository/GhibliLoginPage/input_username'

2018-02-14 17:43:12 - [TEST_STEP][PASSED] - Statement - input_pwd = com.kms.katalon.core.testobject.ObjectRepository.findTestObject(Object Repository/GhibliLoginPage/input_password): Finding Test Object with id 'Object Repository/GhibliLoginPage/input_password'

2018-02-14 17:43:12 - [TEST_STEP][FAILED] - verifyElementPresent: Unable to verify object 'Object Repository/GhibliLoginPage/input_username' is present (Root cause: com.kms.katalon.core.webui.exception.WebElementNotFoundException: Web element with id: 'Object Repository/GhibliLoginPage/input_username' located by 'By.xpath: //input[@name = 'username' and @type = 'text']' not found)

2018-02-14 17:43:14 - [MESSAGE][FAILED] - com.kms.katalon.core.webui.exception.WebElementNotFoundException: Web element with id: 'Object Repository/GhibliLoginPage/input_username' located by 'By.xpath: //input[@name = 'username' and @type = 'text']' not found
[[ATTACHMENT|C:\\Users\\luca.bottoni\\Katalon Studio\\Ghibli\\Reports\\SuiteGhibli\\20180214_174215\\1518626594375.png]]

2018-02-14 17:43:14 - [MESSAGE][FAILED] - Unable to verify object 'Object Repository/GhibliLoginPage/input_username' is present (Root cause: com.kms.katalon.core.webui.exception.WebElementNotFoundException: Web element with id: 'Object Repository/GhibliLoginPage/input_username' located by 'By.xpath: //input[@name = 'username' and @type = 'text']' not found)
[[ATTACHMENT|C:\\Users\\luca.bottoni\\Katalon Studio\\Ghibli\\Reports\\SuiteGhibli\\20180214_174215\\1518626594505.png]]]]></system-out>
         <system-err><![CDATA[2018-02-14 17:42:49 - [TEST_CASE][FAILED] - Test Cases/Login: Test Cases/Login FAILED because (of) Unable to verify object 'Object Repository/GhibliLoginPage/input_username' is present (Root cause: com.kms.katalon.core.webui.exception.WebElementNotFoundException: Web element with id: 'Object Repository/GhibliLoginPage/input_username' located by 'By.xpath: //input[@name = 'username' and @type = 'text']' not found)]]></system-err>
      </testcase>
      <testcase name="Test Cases/Dashboard" classname="Test Cases/Dashboard" status="FAILED">
         <failure type="FAILED" message="org.codehaus.groovy.runtime.powerassert.PowerAssertionError: assert test == true
       |    |
       |    false
       false"/>
         <system-out><![CDATA[2018-02-14 17:43:14 - [TEST_CASE][FAILED] - Test Cases/Dashboard: Test Cases/Dashboard FAILED because (of) org.codehaus.groovy.runtime.powerassert.PowerAssertionError: assert test == true
       |    |
       |    false
       false

2018-02-14 17:43:15 - [TEST_STEP][PASSED] - Statement - maps = [com.kms.katalon.core.testobject.ObjectRepository.findTestObject(Object Repository/GhibliDashboard/input_transferStatus), com.kms.katalon.core.testobject.ObjectRepository.findTestObject(Object Repository/GhibliDashboard/input_sourceQueueManager), com.kms.katalon.core.testobject.ObjectRepository.findTestObject(Object Repository/GhibliDashboard/input_destinationQueueManager), com.kms.katalon.core.testobject.ObjectRepository.findTestObject(Object Repository/GhibliDashboard/input_correlationID), com.kms.katalon.core.testobject.ObjectRepository.findTestObject(Object Repository/GhibliDashboard/btn_workflowdashboard), com.kms.katalon.core.testobject.ObjectRepository.findTestObject(Object Repository/GhibliDashboard/btn_workflow), com.kms.katalon.core.testobject.ObjectRepository.findTestObject(Object Repository/GhibliDashboard/btn_transfersearch), com.kms.katalon.core.testobject.ObjectRepository.findTestObject(Object Repository/GhibliDashboard/btn_setting), com.kms.katalon.core.testobject.ObjectRepository.findTestObject(Object Repository/GhibliDashboard/btn_monitordashboard), com.kms.katalon.core.testobject.ObjectRepository.findTestObject(Object Repository/GhibliDashboard/btn_logout), com.kms.katalon.core.testobject.ObjectRepository.findTestObject(Object Repository/GhibliDashboard/btn_clearfilter), com.kms.katalon.core.testobject.ObjectRepository.findTestObject(Object Repository/GhibliDashboard/btn_applyfilter)]: Finding Test Object with id 'Object Repository/GhibliDashboard/btn_applyfilter'

2018-02-14 17:43:15 - [TEST_STEP][PASSED] - Statement - total = 0: null

2018-02-14 17:43:15 - [TEST_STEP][PASSED] - Statement - ok = 0: null

2018-02-14 17:43:15 - [TEST_STEP][PASSED] - Statement - ko = 0: null

2018-02-14 17:43:15 - [TEST_STEP][PASSED] - Statement - For (def element : maps): null

2018-02-14 17:43:15 - [TEST_STEP][PASSED] - Statement - tag = element.findPropertyValue("tag", false): null

2018-02-14 17:43:15 - [TEST_STEP][PASSED] - Statement - id = element.getObjectId(): null

2018-02-14 17:43:15 - [TEST_STEP][PASSED] - Statement - test = false: null

2018-02-14 17:43:15 - [TEST_STEP][PASSED] - Statement - assert tag != "": null

2018-02-14 17:43:15 - [TEST_STEP][PASSED] - Statement - test = com.kms.katalon.core.webui.keyword.WebUiBuiltInKeywords.waitForElementPresent(element, 1): Object 'Object Repository/GhibliDashboard/input_transferStatus' is present

2018-02-14 17:43:15 - [MESSAGE][PASSED] - Object 'Object Repository/GhibliDashboard/input_transferStatus' is present

2018-02-14 17:43:15 - [TEST_STEP][PASSED] - Statement - If (test == true): null

2018-02-14 17:43:15 - [TEST_STEP][PASSED] - Statement - (ok++): null

2018-02-14 17:43:15 - [TEST_STEP][PASSED] - Statement - assert test == true: null

2018-02-14 17:43:15 - [TEST_STEP][PASSED] - Statement - (total++): null

2018-02-14 17:43:15 - [TEST_STEP][PASSED] - Statement - tag = element.findPropertyValue("tag", false): null

2018-02-14 17:43:15 - [TEST_STEP][PASSED] - Statement - id = element.getObjectId(): null

2018-02-14 17:43:15 - [TEST_STEP][PASSED] - Statement - test = false: null

2018-02-14 17:43:15 - [TEST_STEP][PASSED] - Statement - assert tag != "": null

2018-02-14 17:43:15 - [TEST_STEP][PASSED] - Statement - test = com.kms.katalon.core.webui.keyword.WebUiBuiltInKeywords.waitForElementPresent(element, 1): Object 'Object Repository/GhibliDashboard/input_sourceQueueManager' is not present after 1 second(s)

2018-02-14 17:43:17 - [MESSAGE][WARNING] - Object 'Object Repository/GhibliDashboard/input_sourceQueueManager' is not present after 1 second(s)

2018-02-14 17:43:17 - [TEST_STEP][PASSED] - Statement - If (test == true): null

2018-02-14 17:43:17 - [TEST_STEP][PASSED] - Statement - Else: null

2018-02-14 17:43:17 - [TEST_STEP][PASSED] - Statement - (ko++): null

2018-02-14 17:43:17 - [TEST_STEP][PASSED] - Statement - assert test == true: null]]></system-out>
         <system-err><![CDATA[2018-02-14 17:43:14 - [TEST_CASE][FAILED] - Test Cases/Dashboard: Test Cases/Dashboard FAILED because (of) org.codehaus.groovy.runtime.powerassert.PowerAssertionError: assert test == true
       |    |
       |    false
       false]]></system-err>
      </testcase>
      <testcase name="Test Cases/DashboardTransportFilter" classname="Test Cases/DashboardTransportFilter" status="PASSED">
         <system-out><![CDATA[2018-02-14 17:43:17 - [TEST_CASE][PASSED] - Test Cases/DashboardTransportFilter: Test Cases/DashboardTransportFilter

2018-02-14 17:43:17 - [TEST_STEP][PASSED] - Statement - select_status = com.kms.katalon.core.testobject.ObjectRepository.findTestObject(Object Repository/GhibliDashboard/transferStatusCLICK): Finding Test Object with id 'Object Repository/GhibliDashboard/transferStatusCLICK'

2018-02-14 17:43:17 - [TEST_STEP][PASSED] - Statement - optionMap = ["SUBMITTED":"li_SUBMITTED", "SUSPENDED":"li_SUSPENDED", "RESUMED":"li_RESUMED", "STARTED":"li_STARTED", "STARTED_RETRY":"li_STARTED_RETRY", ... ]: null

2018-02-14 17:43:17 - [TEST_STEP][PASSED] - Statement - optionMap.each({ java.lang.Object optionIndex, java.lang.Object optionsValue -> ... }): Object: 'Object Repository/GhibliDashboard/transferStatusOptions/li_FAILED_RETRY' is clicked on

2018-02-14 17:43:19 - [MESSAGE][PASSED] - Object: 'Object Repository/GhibliDashboard/transferStatusCLICK' is clicked on

2018-02-14 17:43:19 - [MESSAGE][PASSED] - Object 'Object Repository/GhibliDashboard/transferStatusOptions/li_SUBMITTED' is present

2018-02-14 17:43:21 - [MESSAGE][PASSED] - Object: 'Object Repository/GhibliDashboard/transferStatusOptions/li_SUBMITTED' is clicked on

2018-02-14 17:43:23 - [MESSAGE][PASSED] - Object: 'Object Repository/GhibliDashboard/transferStatusCLICK' is clicked on

2018-02-14 17:43:23 - [MESSAGE][PASSED] - Object 'Object Repository/GhibliDashboard/transferStatusOptions/li_SUSPENDED' is present

2018-02-14 17:43:25 - [MESSAGE][PASSED] - Object: 'Object Repository/GhibliDashboard/transferStatusOptions/li_SUSPENDED' is clicked on

2018-02-14 17:43:26 - [MESSAGE][PASSED] - Object: 'Object Repository/GhibliDashboard/transferStatusCLICK' is clicked on

2018-02-14 17:43:26 - [MESSAGE][PASSED] - Object 'Object Repository/GhibliDashboard/transferStatusOptions/li_RESUMED' is present

2018-02-14 17:43:28 - [MESSAGE][PASSED] - Object: 'Object Repository/GhibliDashboard/transferStatusOptions/li_RESUMED' is clicked on

2018-02-14 17:43:29 - [MESSAGE][PASSED] - Object: 'Object Repository/GhibliDashboard/transferStatusCLICK' is clicked on

2018-02-14 17:43:29 - [MESSAGE][PASSED] - Object 'Object Repository/GhibliDashboard/transferStatusOptions/li_STARTED' is present

2018-02-14 17:43:30 - [MESSAGE][PASSED] - Object: 'Object Repository/GhibliDashboard/transferStatusOptions/li_STARTED' is clicked on

2018-02-14 17:43:31 - [MESSAGE][PASSED] - Object: 'Object Repository/GhibliDashboard/transferStatusCLICK' is clicked on

2018-02-14 17:43:31 - [MESSAGE][PASSED] - Object 'Object Repository/GhibliDashboard/transferStatusOptions/li_STARTED_RETRY' is present

2018-02-14 17:43:32 - [MESSAGE][PASSED] - Object: 'Object Repository/GhibliDashboard/transferStatusOptions/li_STARTED_RETRY' is clicked on

2018-02-14 17:43:33 - [MESSAGE][PASSED] - Object: 'Object Repository/GhibliDashboard/transferStatusCLICK' is clicked on

2018-02-14 17:43:33 - [MESSAGE][PASSED] - Object 'Object Repository/GhibliDashboard/transferStatusOptions/li_FAILED_RETRY' is present

2018-02-14 17:43:34 - [MESSAGE][PASSED] - Object: 'Object Repository/GhibliDashboard/transferStatusOptions/li_FAILED_RETRY' is clicked on

2018-02-14 17:43:34 - [TEST_STEP][PASSED] - click: Object: 'Object Repository/GhibliDashboard/transferStatusCLICK' is clicked on

2018-02-14 17:43:36 - [MESSAGE][PASSED] - Object: 'Object Repository/GhibliDashboard/transferStatusCLICK' is clicked on

2018-02-14 17:43:36 - [TEST_STEP][PASSED] - click: Object: 'Object Repository/GhibliDashboard/transferStatusOptions/li_STARTED' is clicked on

2018-02-14 17:43:37 - [MESSAGE][PASSED] - Object: 'Object Repository/GhibliDashboard/transferStatusOptions/li_STARTED' is clicked on

2018-02-14 17:43:37 - [TEST_STEP][PASSED] - Statement - btn_clear = com.kms.katalon.core.testobject.ObjectRepository.findTestObject(Object Repository/GhibliDashboard/btn_clearfilter): Finding Test Object with id 'Object Repository/GhibliDashboard/btn_clearfilter'

2018-02-14 17:43:37 - [TEST_STEP][PASSED] - Statement - btn_apply = com.kms.katalon.core.testobject.ObjectRepository.findTestObject(Object Repository/GhibliDashboard/btn_applyfilter): Finding Test Object with id 'Object Repository/GhibliDashboard/btn_applyfilter'

2018-02-14 17:43:37 - [TEST_STEP][PASSED] - Statement - input_transferStatus = com.kms.katalon.core.testobject.ObjectRepository.findTestObject(Object Repository/GhibliDashboard/input_transferStatus): Finding Test Object with id 'Object Repository/GhibliDashboard/input_transferStatus'

2018-02-14 17:43:37 - [TEST_STEP][PASSED] - click: Object: 'Object Repository/GhibliDashboard/btn_clearfilter' is clicked on

2018-02-14 17:43:38 - [MESSAGE][PASSED] - Object: 'Object Repository/GhibliDashboard/btn_clearfilter' is clicked on]]></system-out>
         <system-err><![CDATA[]]></system-err>
      </testcase>
      <system-out><![CDATA[2018-02-14 17:42:47 - [TEST_SUITE][FAILED] - SuiteGhibli: Test Cases/Login FAILED because (of) Unable to verify object 'Object Repository/GhibliLoginPage/input_username' is present (Root cause: com.kms.katalon.core.webui.exception.WebElementNotFoundException: Web element with id: 'Object Repository/GhibliLoginPage/input_username' located by 'By.xpath: //input[@name = 'username' and @type = 'text']' not found)]]></system-out>
      <system-err><![CDATA[2018-02-14 17:42:47 - [TEST_SUITE][FAILED] - SuiteGhibli: Test Cases/Login FAILED because (of) Unable to verify object 'Object Repository/GhibliLoginPage/input_username' is present (Root cause: com.kms.katalon.core.webui.exception.WebElementNotFoundException: Web element with id: 'Object Repository/GhibliLoginPage/input_username' located by 'By.xpath: //input[@name = 'username' and @type = 'text']' not found)]]></system-err>
   </testsuite>
</testsuites>
