<?xml version="1.0" encoding="UTF-8"?>
<testsuites name="SuiteGhibli" time="16" tests="1" failures="1" errors="0">
   <testsuite name="SuiteGhibli" tests="1" failures="1" errors="0" time="16" timestamp="2018-02-14 10:54:25" hostname="luca.bottoni - LAP-PC-122.primeurad.com" id="Test Suites/SuiteGhibli">
      <properties>
         <property name="deviceName" value=""/>
         <property name="devicePlatform" value=""/>
         <property name="logFolder" value="C:\\Users\\luca.bottoni\\Katalon Studio\\Ghibli\\Reports\\SuiteGhibli\\20180214_105413"/>
         <property name="logFiles" value="C:\\Users\\luca.bottoni\\Katalon Studio\\Ghibli\\Reports\\SuiteGhibli\\20180214_105413\\execution0.log"/>
         <property name="attachments" value="C:\\Users\\luca.bottoni\\Katalon Studio\\Ghibli\\Reports\\SuiteGhibli\\20180214_105413\\1518602079107.png"/>
         <property name="hostName" value="luca.bottoni - LAP-PC-122.primeurad.com"/>
         <property name="os" value="Windows 10 64bit"/>
         <property name="katalonVersion" value="5.3.0.1"/>
         <property name="browser" value="Firefox 57.0"/>
         <property name="hostAddress" value="169.254.92.146"/>
         <property name="sessionId" value="61b34422-6148-4e54-8157-f1cd42ca0773"/>
         <property name="seleniumVersion" value="3.7.1"/>
         <property name="proxyInformation" value="ProxyInformation{proxyOption=NO_PROXY, proxyServerType=HTTP, password=, proxyServerAddress=, proxyServerPort=0}"/>
         <property name="platform" value="Windows 10"/>
      </properties>
      <testcase name="Test Cases/Login" classname="Test Cases/Login" status="PASSED">
         <system-out><![CDATA[2018-02-14 10:54:25 - [TEST_CASE][PASSED] - Test Cases/Login: Test Cases/Login

2018-02-14 10:54:26 - [TEST_STEP][PASSED] - openBrowser: Browser is opened with url: 'http://ghibli-distro.localhost/'

2018-02-14 10:54:34 - [MESSAGE][PASSED] - Browser is opened with url: 'http://ghibli-distro.localhost/'

2018-02-14 10:54:34 - [TEST_STEP][PASSED] - waitForPageLoad: Wait for page load successfully

2018-02-14 10:54:34 - [MESSAGE][PASSED] - Wait for page load successfully

2018-02-14 10:54:34 - [TEST_STEP][PASSED] - setText: Text 'ghibliXXXX' is set on object 'Object Repository/GhibliLoginPage/input_username'

2018-02-14 10:54:35 - [MESSAGE][PASSED] - Text 'ghibliXXXX' is set on object 'Object Repository/GhibliLoginPage/input_username'

2018-02-14 10:54:35 - [TEST_STEP][PASSED] - setText: Text 'ghibliXXXX' is set on object 'Object Repository/GhibliLoginPage/input_password'

2018-02-14 10:54:35 - [MESSAGE][PASSED] - Text 'ghibliXXXX' is set on object 'Object Repository/GhibliLoginPage/input_password'

2018-02-14 10:54:35 - [TEST_STEP][PASSED] - Statement - text1 = com.kms.katalon.core.webui.keyword.WebUiBuiltInKeywords.verifyElementNotVisible(com.kms.katalon.core.testobject.ObjectRepository.findTestObject(Object Repository/GhibliLoginPage/div_Incorrect Username or Pass)): Object 'Object Repository/GhibliLoginPage/div_Incorrect Username or Pass' is NOT visible

2018-02-14 10:54:35 - [MESSAGE][PASSED] - Object 'Object Repository/GhibliLoginPage/div_Incorrect Username or Pass' is NOT visible

2018-02-14 10:54:35 - [TEST_STEP][PASSED] - Statement - assert text1 == true: null

2018-02-14 10:54:35 - [TEST_STEP][PASSED] - doubleClick: Object: 'Object Repository/GhibliLoginPage/LoginButton' is double clicked on

2018-02-14 10:54:35 - [MESSAGE][PASSED] - Object: 'Object Repository/GhibliLoginPage/LoginButton' is double clicked on

2018-02-14 10:54:35 - [TEST_STEP][PASSED] - waitForElementPresent: Object 'Object Repository/GhibliLoginPage/div_Incorrect Username or Pass' is present

2018-02-14 10:54:35 - [MESSAGE][PASSED] - Object 'Object Repository/GhibliLoginPage/div_Incorrect Username or Pass' is present

2018-02-14 10:54:35 - [TEST_STEP][PASSED] - Statement - text2 = com.kms.katalon.core.webui.keyword.WebUiBuiltInKeywords.verifyTextPresent("Incorrect Username or Password", false): Text 'Incorrect Username or Password' is present on page 

2018-02-14 10:54:36 - [MESSAGE][PASSED] - Text 'Incorrect Username or Password' is present on page 

2018-02-14 10:54:36 - [TEST_STEP][PASSED] - Statement - assert text2 == true: null

2018-02-14 10:54:36 - [TEST_STEP][PASSED] - setText: Text 'luca.bottoni' is set on object 'Object Repository/GhibliLoginPage/input_username'

2018-02-14 10:54:36 - [MESSAGE][PASSED] - Text 'luca.bottoni' is set on object 'Object Repository/GhibliLoginPage/input_username'

2018-02-14 10:54:36 - [TEST_STEP][PASSED] - setText: Text 'N.azionale' is set on object 'Object Repository/GhibliLoginPage/input_password'

2018-02-14 10:54:36 - [MESSAGE][PASSED] - Text 'N.azionale' is set on object 'Object Repository/GhibliLoginPage/input_password'

2018-02-14 10:54:36 - [TEST_STEP][PASSED] - doubleClick: Object: 'Object Repository/GhibliLoginPage/LoginButton' is double clicked on

2018-02-14 10:54:36 - [MESSAGE][PASSED] - Object: 'Object Repository/GhibliLoginPage/LoginButton' is double clicked on

2018-02-14 10:54:36 - [TEST_STEP][PASSED] - delay: Delayed 1 second(s)

2018-02-14 10:54:37 - [MESSAGE][PASSED] - Delayed 1 second(s)]]></system-out>
         <system-err><![CDATA[]]></system-err>
      </testcase>
      <testcase name="Test Cases/Dashboard" classname="Test Cases/Dashboard" status="FAILED">
         <failure type="FAILED" message="Unable to click on object 'Object Repository/GhibliDashboard/transferStatusClick' (Root cause: org.openqa.selenium.ElementNotInteractableException: 
Build info: version: '3.7.1', revision: '8a0099a', time: '2017-11-06T21:07:36.161Z'
System info: host: 'LAP-PC-122', ip: '169.254.92.146', os.name: 'Windows 10', os.arch: 'amd64', os.version: '10.0', java.version: '1.8.0_102'
Driver info: com.kms.katalon.core.webui.driver.firefox.CGeckoDriver
Capabilities {acceptInsecureCerts: true, browserName: firefox, browserVersion: 57.0, javascriptEnabled: true, moz:accessibilityChecks: false, moz:headless: false, moz:processID: 14708, moz:profile: C:\Users\luca.bottoni\AppDa..., moz:webdriverClick: false, pageLoadStrategy: normal, platform: XP, platformName: XP, platformVersion: 10.0, proxy: Proxy(direct), rotatable: false, timeouts: {implicit: 0, pageLoad: 300000, script: 30000}}
Session ID: 61b34422-6148-4e54-8157-f1cd42ca0773)"/>
         <system-out><![CDATA[2018-02-14 10:54:37 - [TEST_CASE][FAILED] - Test Cases/Dashboard: Test Cases/Dashboard FAILED because (of) Unable to click on object 'Object Repository/GhibliDashboard/transferStatusClick' (Root cause: org.openqa.selenium.ElementNotInteractableException: 
Build info: version: '3.7.1', revision: '8a0099a', time: '2017-11-06T21:07:36.161Z'
System info: host: 'LAP-PC-122', ip: '169.254.92.146', os.name: 'Windows 10', os.arch: 'amd64', os.version: '10.0', java.version: '1.8.0_102'
Driver info: com.kms.katalon.core.webui.driver.firefox.CGeckoDriver
Capabilities {acceptInsecureCerts: true, browserName: firefox, browserVersion: 57.0, javascriptEnabled: true, moz:accessibilityChecks: false, moz:headless: false, moz:processID: 14708, moz:profile: C:\Users\luca.bottoni\AppDa..., moz:webdriverClick: false, pageLoadStrategy: normal, platform: XP, platformName: XP, platformVersion: 10.0, proxy: Proxy(direct), rotatable: false, timeouts: {implicit: 0, pageLoad: 300000, script: 30000}}
Session ID: 61b34422-6148-4e54-8157-f1cd42ca0773)

2018-02-14 10:54:37 - [TEST_STEP][PASSED] - Statement - maps = [com.kms.katalon.core.testobject.ObjectRepository.findTestObject(Object Repository/GhibliDashboard/input_transferStatus), com.kms.katalon.core.testobject.ObjectRepository.findTestObject(Object Repository/GhibliDashboard/input_sourceQueueManager), com.kms.katalon.core.testobject.ObjectRepository.findTestObject(Object Repository/GhibliDashboard/input_destinationQueueManager), com.kms.katalon.core.testobject.ObjectRepository.findTestObject(Object Repository/GhibliDashboard/input_correlationID), com.kms.katalon.core.testobject.ObjectRepository.findTestObject(Object Repository/GhibliDashboard/btn_workflowdashboard), com.kms.katalon.core.testobject.ObjectRepository.findTestObject(Object Repository/GhibliDashboard/btn_workflow), com.kms.katalon.core.testobject.ObjectRepository.findTestObject(Object Repository/GhibliDashboard/btn_transfersearch), com.kms.katalon.core.testobject.ObjectRepository.findTestObject(Object Repository/GhibliDashboard/btn_setting), com.kms.katalon.core.testobject.ObjectRepository.findTestObject(Object Repository/GhibliDashboard/btn_monitordashboard), com.kms.katalon.core.testobject.ObjectRepository.findTestObject(Object Repository/GhibliDashboard/btn_logout), com.kms.katalon.core.testobject.ObjectRepository.findTestObject(Object Repository/GhibliDashboard/btn_clearfilter), com.kms.katalon.core.testobject.ObjectRepository.findTestObject(Object Repository/GhibliDashboard/btn_applyfilter)]: Finding Test Object with id 'Object Repository/GhibliDashboard/btn_applyfilter'

2018-02-14 10:54:37 - [TEST_STEP][PASSED] - Statement - total = 0: null

2018-02-14 10:54:37 - [TEST_STEP][PASSED] - Statement - ok = 0: null

2018-02-14 10:54:37 - [TEST_STEP][PASSED] - Statement - ko = 0: null

2018-02-14 10:54:37 - [TEST_STEP][PASSED] - Statement - For (def element : maps): null

2018-02-14 10:54:37 - [TEST_STEP][PASSED] - Statement - tag = element.findPropertyValue("tag", false): null

2018-02-14 10:54:37 - [TEST_STEP][PASSED] - Statement - id = element.getObjectId(): null

2018-02-14 10:54:37 - [TEST_STEP][PASSED] - Statement - test = false: null

2018-02-14 10:54:37 - [TEST_STEP][PASSED] - Statement - assert tag != "": null

2018-02-14 10:54:37 - [TEST_STEP][PASSED] - Statement - test = com.kms.katalon.core.webui.keyword.WebUiBuiltInKeywords.waitForElementPresent(element, 1): Object 'Object Repository/GhibliDashboard/input_transferStatus' is present

2018-02-14 10:54:38 - [MESSAGE][PASSED] - Object 'Object Repository/GhibliDashboard/input_transferStatus' is present

2018-02-14 10:54:38 - [TEST_STEP][PASSED] - Statement - If (test == true): null

2018-02-14 10:54:38 - [TEST_STEP][PASSED] - Statement - (ok++): null

2018-02-14 10:54:38 - [TEST_STEP][PASSED] - Statement - assert test == true: null

2018-02-14 10:54:38 - [TEST_STEP][PASSED] - Statement - (total++): null

2018-02-14 10:54:38 - [TEST_STEP][PASSED] - Statement - tag = element.findPropertyValue("tag", false): null

2018-02-14 10:54:38 - [TEST_STEP][PASSED] - Statement - id = element.getObjectId(): null

2018-02-14 10:54:38 - [TEST_STEP][PASSED] - Statement - test = false: null

2018-02-14 10:54:38 - [TEST_STEP][PASSED] - Statement - assert tag != "": null

2018-02-14 10:54:38 - [TEST_STEP][PASSED] - Statement - test = com.kms.katalon.core.webui.keyword.WebUiBuiltInKeywords.waitForElementPresent(element, 1): Object 'Object Repository/GhibliDashboard/input_sourceQueueManager' is present

2018-02-14 10:54:38 - [MESSAGE][PASSED] - Object 'Object Repository/GhibliDashboard/input_sourceQueueManager' is present

2018-02-14 10:54:38 - [TEST_STEP][PASSED] - Statement - If (test == true): null

2018-02-14 10:54:38 - [TEST_STEP][PASSED] - Statement - (ok++): null

2018-02-14 10:54:38 - [TEST_STEP][PASSED] - Statement - assert test == true: null

2018-02-14 10:54:38 - [TEST_STEP][PASSED] - Statement - (total++): null

2018-02-14 10:54:38 - [TEST_STEP][PASSED] - Statement - tag = element.findPropertyValue("tag", false): null

2018-02-14 10:54:38 - [TEST_STEP][PASSED] - Statement - id = element.getObjectId(): null

2018-02-14 10:54:38 - [TEST_STEP][PASSED] - Statement - test = false: null

2018-02-14 10:54:38 - [TEST_STEP][PASSED] - Statement - assert tag != "": null

2018-02-14 10:54:38 - [TEST_STEP][PASSED] - Statement - test = com.kms.katalon.core.webui.keyword.WebUiBuiltInKeywords.waitForElementPresent(element, 1): Object 'Object Repository/GhibliDashboard/input_destinationQueueManager' is present

2018-02-14 10:54:38 - [MESSAGE][PASSED] - Object 'Object Repository/GhibliDashboard/input_destinationQueueManager' is present

2018-02-14 10:54:38 - [TEST_STEP][PASSED] - Statement - If (test == true): null

2018-02-14 10:54:38 - [TEST_STEP][PASSED] - Statement - (ok++): null

2018-02-14 10:54:38 - [TEST_STEP][PASSED] - Statement - assert test == true: null

2018-02-14 10:54:38 - [TEST_STEP][PASSED] - Statement - (total++): null

2018-02-14 10:54:38 - [TEST_STEP][PASSED] - Statement - tag = element.findPropertyValue("tag", false): null

2018-02-14 10:54:38 - [TEST_STEP][PASSED] - Statement - id = element.getObjectId(): null

2018-02-14 10:54:38 - [TEST_STEP][PASSED] - Statement - test = false: null

2018-02-14 10:54:38 - [TEST_STEP][PASSED] - Statement - assert tag != "": null

2018-02-14 10:54:38 - [TEST_STEP][PASSED] - Statement - test = com.kms.katalon.core.webui.keyword.WebUiBuiltInKeywords.waitForElementPresent(element, 1): Object 'Object Repository/GhibliDashboard/input_correlationID' is present

2018-02-14 10:54:38 - [MESSAGE][PASSED] - Object 'Object Repository/GhibliDashboard/input_correlationID' is present

2018-02-14 10:54:38 - [TEST_STEP][PASSED] - Statement - If (test == true): null

2018-02-14 10:54:38 - [TEST_STEP][PASSED] - Statement - (ok++): null

2018-02-14 10:54:38 - [TEST_STEP][PASSED] - Statement - assert test == true: null

2018-02-14 10:54:38 - [TEST_STEP][PASSED] - Statement - (total++): null

2018-02-14 10:54:38 - [TEST_STEP][PASSED] - Statement - tag = element.findPropertyValue("tag", false): null

2018-02-14 10:54:38 - [TEST_STEP][PASSED] - Statement - id = element.getObjectId(): null

2018-02-14 10:54:38 - [TEST_STEP][PASSED] - Statement - test = false: null

2018-02-14 10:54:38 - [TEST_STEP][PASSED] - Statement - assert tag != "": null

2018-02-14 10:54:38 - [TEST_STEP][PASSED] - Statement - test = com.kms.katalon.core.webui.keyword.WebUiBuiltInKeywords.waitForElementPresent(element, 1): Object 'Object Repository/GhibliDashboard/btn_workflowdashboard' is present

2018-02-14 10:54:38 - [MESSAGE][PASSED] - Object 'Object Repository/GhibliDashboard/btn_workflowdashboard' is present

2018-02-14 10:54:38 - [TEST_STEP][PASSED] - Statement - If (test == true): null

2018-02-14 10:54:38 - [TEST_STEP][PASSED] - Statement - (ok++): null

2018-02-14 10:54:38 - [TEST_STEP][PASSED] - Statement - assert test == true: null

2018-02-14 10:54:38 - [TEST_STEP][PASSED] - Statement - (total++): null

2018-02-14 10:54:38 - [TEST_STEP][PASSED] - Statement - tag = element.findPropertyValue("tag", false): null

2018-02-14 10:54:38 - [TEST_STEP][PASSED] - Statement - id = element.getObjectId(): null

2018-02-14 10:54:38 - [TEST_STEP][PASSED] - Statement - test = false: null

2018-02-14 10:54:38 - [TEST_STEP][PASSED] - Statement - assert tag != "": null

2018-02-14 10:54:38 - [TEST_STEP][PASSED] - Statement - test = com.kms.katalon.core.webui.keyword.WebUiBuiltInKeywords.waitForElementPresent(element, 1): Object 'Object Repository/GhibliDashboard/btn_workflow' is present

2018-02-14 10:54:38 - [MESSAGE][PASSED] - Object 'Object Repository/GhibliDashboard/btn_workflow' is present

2018-02-14 10:54:38 - [TEST_STEP][PASSED] - Statement - If (test == true): null

2018-02-14 10:54:38 - [TEST_STEP][PASSED] - Statement - (ok++): null

2018-02-14 10:54:38 - [TEST_STEP][PASSED] - Statement - assert test == true: null

2018-02-14 10:54:38 - [TEST_STEP][PASSED] - Statement - (total++): null

2018-02-14 10:54:38 - [TEST_STEP][PASSED] - Statement - tag = element.findPropertyValue("tag", false): null

2018-02-14 10:54:38 - [TEST_STEP][PASSED] - Statement - id = element.getObjectId(): null

2018-02-14 10:54:38 - [TEST_STEP][PASSED] - Statement - test = false: null

2018-02-14 10:54:38 - [TEST_STEP][PASSED] - Statement - assert tag != "": null

2018-02-14 10:54:38 - [TEST_STEP][PASSED] - Statement - test = com.kms.katalon.core.webui.keyword.WebUiBuiltInKeywords.waitForElementPresent(element, 1): Object 'Object Repository/GhibliDashboard/btn_transfersearch' is present

2018-02-14 10:54:38 - [MESSAGE][PASSED] - Object 'Object Repository/GhibliDashboard/btn_transfersearch' is present

2018-02-14 10:54:38 - [TEST_STEP][PASSED] - Statement - If (test == true): null

2018-02-14 10:54:38 - [TEST_STEP][PASSED] - Statement - (ok++): null

2018-02-14 10:54:38 - [TEST_STEP][PASSED] - Statement - assert test == true: null

2018-02-14 10:54:38 - [TEST_STEP][PASSED] - Statement - (total++): null

2018-02-14 10:54:38 - [TEST_STEP][PASSED] - Statement - tag = element.findPropertyValue("tag", false): null

2018-02-14 10:54:38 - [TEST_STEP][PASSED] - Statement - id = element.getObjectId(): null

2018-02-14 10:54:38 - [TEST_STEP][PASSED] - Statement - test = false: null

2018-02-14 10:54:38 - [TEST_STEP][PASSED] - Statement - assert tag != "": null

2018-02-14 10:54:38 - [TEST_STEP][PASSED] - Statement - test = com.kms.katalon.core.webui.keyword.WebUiBuiltInKeywords.waitForElementPresent(element, 1): Object 'Object Repository/GhibliDashboard/btn_setting' is present

2018-02-14 10:54:38 - [MESSAGE][PASSED] - Object 'Object Repository/GhibliDashboard/btn_setting' is present

2018-02-14 10:54:38 - [TEST_STEP][PASSED] - Statement - If (test == true): null

2018-02-14 10:54:38 - [TEST_STEP][PASSED] - Statement - (ok++): null

2018-02-14 10:54:38 - [TEST_STEP][PASSED] - Statement - assert test == true: null

2018-02-14 10:54:38 - [TEST_STEP][PASSED] - Statement - (total++): null

2018-02-14 10:54:38 - [TEST_STEP][PASSED] - Statement - tag = element.findPropertyValue("tag", false): null

2018-02-14 10:54:38 - [TEST_STEP][PASSED] - Statement - id = element.getObjectId(): null

2018-02-14 10:54:38 - [TEST_STEP][PASSED] - Statement - test = false: null

2018-02-14 10:54:38 - [TEST_STEP][PASSED] - Statement - assert tag != "": null

2018-02-14 10:54:38 - [TEST_STEP][PASSED] - Statement - test = com.kms.katalon.core.webui.keyword.WebUiBuiltInKeywords.waitForElementPresent(element, 1): Object 'Object Repository/GhibliDashboard/btn_monitordashboard' is present

2018-02-14 10:54:38 - [MESSAGE][PASSED] - Object 'Object Repository/GhibliDashboard/btn_monitordashboard' is present

2018-02-14 10:54:38 - [TEST_STEP][PASSED] - Statement - If (test == true): null

2018-02-14 10:54:38 - [TEST_STEP][PASSED] - Statement - (ok++): null

2018-02-14 10:54:38 - [TEST_STEP][PASSED] - Statement - assert test == true: null

2018-02-14 10:54:38 - [TEST_STEP][PASSED] - Statement - (total++): null

2018-02-14 10:54:38 - [TEST_STEP][PASSED] - Statement - tag = element.findPropertyValue("tag", false): null

2018-02-14 10:54:38 - [TEST_STEP][PASSED] - Statement - id = element.getObjectId(): null

2018-02-14 10:54:38 - [TEST_STEP][PASSED] - Statement - test = false: null

2018-02-14 10:54:38 - [TEST_STEP][PASSED] - Statement - assert tag != "": null

2018-02-14 10:54:38 - [TEST_STEP][PASSED] - Statement - test = com.kms.katalon.core.webui.keyword.WebUiBuiltInKeywords.waitForElementPresent(element, 1): Object 'Object Repository/GhibliDashboard/btn_logout' is present

2018-02-14 10:54:38 - [MESSAGE][PASSED] - Object 'Object Repository/GhibliDashboard/btn_logout' is present

2018-02-14 10:54:38 - [TEST_STEP][PASSED] - Statement - If (test == true): null

2018-02-14 10:54:38 - [TEST_STEP][PASSED] - Statement - (ok++): null

2018-02-14 10:54:38 - [TEST_STEP][PASSED] - Statement - assert test == true: null

2018-02-14 10:54:38 - [TEST_STEP][PASSED] - Statement - (total++): null

2018-02-14 10:54:38 - [TEST_STEP][PASSED] - Statement - tag = element.findPropertyValue("tag", false): null

2018-02-14 10:54:38 - [TEST_STEP][PASSED] - Statement - id = element.getObjectId(): null

2018-02-14 10:54:38 - [TEST_STEP][PASSED] - Statement - test = false: null

2018-02-14 10:54:38 - [TEST_STEP][PASSED] - Statement - assert tag != "": null

2018-02-14 10:54:38 - [TEST_STEP][PASSED] - Statement - test = com.kms.katalon.core.webui.keyword.WebUiBuiltInKeywords.waitForElementPresent(element, 1): Object 'Object Repository/GhibliDashboard/btn_clearfilter' is present

2018-02-14 10:54:38 - [MESSAGE][PASSED] - Object 'Object Repository/GhibliDashboard/btn_clearfilter' is present

2018-02-14 10:54:38 - [TEST_STEP][PASSED] - Statement - If (test == true): null

2018-02-14 10:54:38 - [TEST_STEP][PASSED] - Statement - (ok++): null

2018-02-14 10:54:38 - [TEST_STEP][PASSED] - Statement - assert test == true: null

2018-02-14 10:54:38 - [TEST_STEP][PASSED] - Statement - (total++): null

2018-02-14 10:54:38 - [TEST_STEP][PASSED] - Statement - tag = element.findPropertyValue("tag", false): null

2018-02-14 10:54:38 - [TEST_STEP][PASSED] - Statement - id = element.getObjectId(): null

2018-02-14 10:54:38 - [TEST_STEP][PASSED] - Statement - test = false: null

2018-02-14 10:54:38 - [TEST_STEP][PASSED] - Statement - assert tag != "": null

2018-02-14 10:54:38 - [TEST_STEP][PASSED] - Statement - test = com.kms.katalon.core.webui.keyword.WebUiBuiltInKeywords.waitForElementPresent(element, 1): Object 'Object Repository/GhibliDashboard/btn_applyfilter' is present

2018-02-14 10:54:39 - [MESSAGE][PASSED] - Object 'Object Repository/GhibliDashboard/btn_applyfilter' is present

2018-02-14 10:54:39 - [TEST_STEP][PASSED] - Statement - If (test == true): null

2018-02-14 10:54:39 - [TEST_STEP][PASSED] - Statement - (ok++): null

2018-02-14 10:54:39 - [TEST_STEP][PASSED] - Statement - assert test == true: null

2018-02-14 10:54:39 - [TEST_STEP][PASSED] - Statement - (total++): null

2018-02-14 10:54:39 - [TEST_STEP][PASSED] - Statement - println("END TEST"): null

2018-02-14 10:54:39 - [TEST_STEP][PASSED] - Statement - println("> TOTALE:" + total): null

2018-02-14 10:54:39 - [TEST_STEP][PASSED] - Statement - println("> OK:" + ok): null

2018-02-14 10:54:39 - [TEST_STEP][PASSED] - Statement - println("> KO:" + ko): null

2018-02-14 10:54:39 - [TEST_STEP][PASSED] - Statement - select_status = com.kms.katalon.core.testobject.ObjectRepository.findTestObject(Object Repository/GhibliDashboard/transferStatusClick): Finding Test Object with id 'Object Repository/GhibliDashboard/transferStatusClick'

2018-02-14 10:54:39 - [TEST_STEP][PASSED] - Statement - optionMap = ["STARTED":"SUBMITTED", "STARTED":"SUSPENDED", "STARTED":"RESUMED", "STARTED":"STARTED", "STARTED":"STARTED_RETRY", "STARTED":"FAILED_RETRY"]: null

2018-02-14 10:54:39 - [TEST_STEP][PASSED] - Statement - option_STARTED = com.kms.katalon.core.testobject.ObjectRepository.findTestObject(Object Repository/GhibliDashboard/transferStatusOptions/li_STARTED): Finding Test Object with id 'Object Repository/GhibliDashboard/transferStatusOptions/li_STARTED'

2018-02-14 10:54:39 - [TEST_STEP][FAILED] - click: Unable to click on object 'Object Repository/GhibliDashboard/transferStatusClick' (Root cause: org.openqa.selenium.ElementNotInteractableException: 
Build info: version: '3.7.1', revision: '8a0099a', time: '2017-11-06T21:07:36.161Z'
System info: host: 'LAP-PC-122', ip: '169.254.92.146', os.name: 'Windows 10', os.arch: 'amd64', os.version: '10.0', java.version: '1.8.0_102'
Driver info: com.kms.katalon.core.webui.driver.firefox.CGeckoDriver
Capabilities {acceptInsecureCerts: true, browserName: firefox, browserVersion: 57.0, javascriptEnabled: true, moz:accessibilityChecks: false, moz:headless: false, moz:processID: 14708, moz:profile: C:\Users\luca.bottoni\AppDa..., moz:webdriverClick: false, pageLoadStrategy: normal, platform: XP, platformName: XP, platformVersion: 10.0, proxy: Proxy(direct), rotatable: false, timeouts: {implicit: 0, pageLoad: 300000, script: 30000}}
Session ID: 61b34422-6148-4e54-8157-f1cd42ca0773)

2018-02-14 10:54:39 - [MESSAGE][FAILED] - Unable to click on object 'Object Repository/GhibliDashboard/transferStatusClick' (Root cause: org.openqa.selenium.ElementNotInteractableException: 
Build info: version: '3.7.1', revision: '8a0099a', time: '2017-11-06T21:07:36.161Z'
System info: host: 'LAP-PC-122', ip: '169.254.92.146', os.name: 'Windows 10', os.arch: 'amd64', os.version: '10.0', java.version: '1.8.0_102'
Driver info: com.kms.katalon.core.webui.driver.firefox.CGeckoDriver
Capabilities {acceptInsecureCerts: true, browserName: firefox, browserVersion: 57.0, javascriptEnabled: true, moz:accessibilityChecks: false, moz:headless: false, moz:processID: 14708, moz:profile: C:\Users\luca.bottoni\AppDa..., moz:webdriverClick: false, pageLoadStrategy: normal, platform: XP, platformName: XP, platformVersion: 10.0, proxy: Proxy(direct), rotatable: false, timeouts: {implicit: 0, pageLoad: 300000, script: 30000}}
Session ID: 61b34422-6148-4e54-8157-f1cd42ca0773)
[[ATTACHMENT|C:\\Users\\luca.bottoni\\Katalon Studio\\Ghibli\\Reports\\SuiteGhibli\\20180214_105413\\1518602079107.png]]]]></system-out>
         <system-err><![CDATA[2018-02-14 10:54:37 - [TEST_CASE][FAILED] - Test Cases/Dashboard: Test Cases/Dashboard FAILED because (of) Unable to click on object 'Object Repository/GhibliDashboard/transferStatusClick' (Root cause: org.openqa.selenium.ElementNotInteractableException: 
Build info: version: '3.7.1', revision: '8a0099a', time: '2017-11-06T21:07:36.161Z'
System info: host: 'LAP-PC-122', ip: '169.254.92.146', os.name: 'Windows 10', os.arch: 'amd64', os.version: '10.0', java.version: '1.8.0_102'
Driver info: com.kms.katalon.core.webui.driver.firefox.CGeckoDriver
Capabilities {acceptInsecureCerts: true, browserName: firefox, browserVersion: 57.0, javascriptEnabled: true, moz:accessibilityChecks: false, moz:headless: false, moz:processID: 14708, moz:profile: C:\Users\luca.bottoni\AppDa..., moz:webdriverClick: false, pageLoadStrategy: normal, platform: XP, platformName: XP, platformVersion: 10.0, proxy: Proxy(direct), rotatable: false, timeouts: {implicit: 0, pageLoad: 300000, script: 30000}}
Session ID: 61b34422-6148-4e54-8157-f1cd42ca0773)]]></system-err>
      </testcase>
      <system-out><![CDATA[2018-02-14 10:54:25 - [TEST_SUITE][FAILED] - SuiteGhibli: Test Cases/Dashboard FAILED because (of) Unable to click on object 'Object Repository/GhibliDashboard/transferStatusClick' (Root cause: org.openqa.selenium.ElementNotInteractableException: 
Build info: version: '3.7.1', revision: '8a0099a', time: '2017-11-06T21:07:36.161Z'
System info: host: 'LAP-PC-122', ip: '169.254.92.146', os.name: 'Windows 10', os.arch: 'amd64', os.version: '10.0', java.version: '1.8.0_102'
Driver info: com.kms.katalon.core.webui.driver.firefox.CGeckoDriver
Capabilities {acceptInsecureCerts: true, browserName: firefox, browserVersion: 57.0, javascriptEnabled: true, moz:accessibilityChecks: false, moz:headless: false, moz:processID: 14708, moz:profile: C:\Users\luca.bottoni\AppDa..., moz:webdriverClick: false, pageLoadStrategy: normal, platform: XP, platformName: XP, platformVersion: 10.0, proxy: Proxy(direct), rotatable: false, timeouts: {implicit: 0, pageLoad: 300000, script: 30000}}
Session ID: 61b34422-6148-4e54-8157-f1cd42ca0773)]]></system-out>
      <system-err><![CDATA[2018-02-14 10:54:25 - [TEST_SUITE][FAILED] - SuiteGhibli: Test Cases/Dashboard FAILED because (of) Unable to click on object 'Object Repository/GhibliDashboard/transferStatusClick' (Root cause: org.openqa.selenium.ElementNotInteractableException: 
Build info: version: '3.7.1', revision: '8a0099a', time: '2017-11-06T21:07:36.161Z'
System info: host: 'LAP-PC-122', ip: '169.254.92.146', os.name: 'Windows 10', os.arch: 'amd64', os.version: '10.0', java.version: '1.8.0_102'
Driver info: com.kms.katalon.core.webui.driver.firefox.CGeckoDriver
Capabilities {acceptInsecureCerts: true, browserName: firefox, browserVersion: 57.0, javascriptEnabled: true, moz:accessibilityChecks: false, moz:headless: false, moz:processID: 14708, moz:profile: C:\Users\luca.bottoni\AppDa..., moz:webdriverClick: false, pageLoadStrategy: normal, platform: XP, platformName: XP, platformVersion: 10.0, proxy: Proxy(direct), rotatable: false, timeouts: {implicit: 0, pageLoad: 300000, script: 30000}}
Session ID: 61b34422-6148-4e54-8157-f1cd42ca0773)]]></system-err>
   </testsuite>
</testsuites>
